<?xml version="1.0" encoding="UTF-8"?>
<coverage generated="1769998096379" clover="3.2.0">
  <project timestamp="1769998096379" name="All files">
    <metrics statements="221" coveredstatements="122" conditionals="97" coveredconditionals="45" methods="51" coveredmethods="23" elements="369" coveredelements="190" complexity="0" loc="221" ncloc="221" packages="1" files="1" classes="1"/>
    <file name="app.js" path="C:\Users\User\Documents\RP\Year 2 Sem 2\C270 DevOps Essentials\Team-5\app.js">
      <metrics statements="221" coveredstatements="122" conditionals="97" coveredconditionals="45" methods="51" coveredmethods="23"/>
      <line num="8" count="1" type="stmt"/>
      <line num="9" count="1" type="stmt"/>
      <line num="10" count="1" type="stmt"/>
      <line num="11" count="1" type="stmt"/>
      <line num="12" count="1" type="stmt"/>
      <line num="13" count="1" type="stmt"/>
      <line num="14" count="1" type="stmt"/>
      <line num="15" count="1" type="stmt"/>
      <line num="18" count="1" type="stmt"/>
      <line num="19" count="1" type="cond" truecount="2" falsecount="0"/>
      <line num="24" count="1" type="stmt"/>
      <line num="25" count="1" type="stmt"/>
      <line num="26" count="1" type="stmt"/>
      <line num="27" count="1" type="stmt"/>
      <line num="28" count="1" type="stmt"/>
      <line num="29" count="1" type="stmt"/>
      <line num="30" count="1" type="stmt"/>
      <line num="31" count="1" type="stmt"/>
      <line num="32" count="1" type="stmt"/>
      <line num="33" count="1" type="stmt"/>
      <line num="38" count="1" type="stmt"/>
      <line num="39" count="1" type="cond" truecount="1" falsecount="1"/>
      <line num="40" count="0" type="stmt"/>
      <line num="42" count="1" type="stmt"/>
      <line num="47" count="1" type="stmt"/>
      <line num="48" count="1" type="stmt"/>
      <line num="50" count="1" type="stmt"/>
      <line num="60" count="1" type="stmt"/>
      <line num="75" count="1" type="stmt"/>
      <line num="79" count="1" type="stmt"/>
      <line num="84" count="1" type="stmt"/>
      <line num="85" count="1" type="stmt"/>
      <line num="86" count="1" type="stmt"/>
      <line num="88" count="1" type="stmt"/>
      <line num="89" count="0" type="stmt"/>
      <line num="99" count="1" type="stmt"/>
      <line num="100" count="1" type="stmt"/>
      <line num="103" count="1" type="stmt"/>
      <line num="117" count="1" type="stmt"/>
      <line num="118" count="1" type="stmt"/>
      <line num="119" count="1" type="stmt"/>
      <line num="125" count="1" type="cond" truecount="1" falsecount="1"/>
      <line num="126" count="0" type="stmt"/>
      <line num="129" count="1" type="stmt"/>
      <line num="131" count="1" type="stmt"/>
      <line num="134" count="1" type="stmt"/>
      <line num="135" count="1" type="stmt"/>
      <line num="139" count="1" type="stmt"/>
      <line num="143" count="2" type="stmt"/>
      <line num="144" count="2" type="cond" truecount="2" falsecount="0"/>
      <line num="145" count="1" type="stmt"/>
      <line num="147" count="1" type="stmt"/>
      <line num="159" count="2" type="cond" truecount="3" falsecount="1"/>
      <line num="160" count="2" type="stmt"/>
      <line num="162" count="0" type="stmt"/>
      <line num="169" count="2" type="cond" truecount="2" falsecount="0"/>
      <line num="176" count="2" type="stmt"/>
      <line num="183" count="0" type="stmt"/>
      <line num="190" count="0" type="stmt"/>
      <line num="204" count="0" type="cond" truecount="0" falsecount="2"/>
      <line num="206" count="0" type="stmt"/>
      <line num="262" count="1" type="stmt"/>
      <line num="263" count="1" type="cond" truecount="1" falsecount="1"/>
      <line num="264" count="0" type="stmt"/>
      <line num="266" count="1" type="stmt"/>
      <line num="272" count="1" type="stmt"/>
      <line num="273" count="1" type="stmt"/>
      <line num="275" count="1" type="stmt"/>
      <line num="276" count="1" type="cond" truecount="1" falsecount="1"/>
      <line num="277" count="0" type="stmt"/>
      <line num="278" count="0" type="stmt"/>
      <line num="281" count="1" type="cond" truecount="2" falsecount="2"/>
      <line num="282" count="0" type="stmt"/>
      <line num="283" count="0" type="stmt"/>
      <line num="284" count="0" type="stmt"/>
      <line num="287" count="1" type="stmt"/>
      <line num="294" count="1" type="stmt"/>
      <line num="295" count="2" type="stmt"/>
      <line num="297" count="2" type="stmt"/>
      <line num="298" count="2" type="cond" truecount="1" falsecount="1"/>
      <line num="299" count="0" type="stmt"/>
      <line num="300" count="0" type="stmt"/>
      <line num="303" count="2" type="cond" truecount="2" falsecount="2"/>
      <line num="304" count="0" type="stmt"/>
      <line num="305" count="0" type="stmt"/>
      <line num="306" count="0" type="stmt"/>
      <line num="309" count="2" type="stmt"/>
      <line num="316" count="1" type="stmt"/>
      <line num="317" count="1" type="stmt"/>
      <line num="323" count="1" type="stmt"/>
      <line num="324" count="6" type="stmt"/>
      <line num="327" count="6" type="cond" truecount="6" falsecount="0"/>
      <line num="328" count="1" type="stmt"/>
      <line num="331" count="5" type="cond" truecount="2" falsecount="0"/>
      <line num="332" count="2" type="stmt"/>
      <line num="335" count="3" type="cond" truecount="2" falsecount="0"/>
      <line num="336" count="1" type="stmt"/>
      <line num="339" count="2" type="stmt"/>
      <line num="341" count="2" type="stmt"/>
      <line num="345" count="2" type="cond" truecount="1" falsecount="1"/>
      <line num="346" count="2" type="stmt"/>
      <line num="347" count="2" type="cond" truecount="1" falsecount="1"/>
      <line num="348" count="2" type="stmt"/>
      <line num="350" count="0" type="stmt"/>
      <line num="352" count="0" type="stmt"/>
      <line num="360" count="1" type="stmt"/>
      <line num="361" count="1" type="stmt"/>
      <line num="362" count="1" type="cond" truecount="1" falsecount="1"/>
      <line num="363" count="0" type="stmt"/>
      <line num="365" count="1" type="stmt"/>
      <line num="366" count="1" type="stmt"/>
      <line num="377" count="1" type="stmt"/>
      <line num="378" count="0" type="stmt"/>
      <line num="384" count="1" type="stmt"/>
      <line num="385" count="0" type="stmt"/>
      <line num="395" count="1" type="stmt"/>
      <line num="396" count="0" type="stmt"/>
      <line num="400" count="0" type="cond" truecount="0" falsecount="2"/>
      <line num="401" count="0" type="stmt"/>
      <line num="402" count="0" type="stmt"/>
      <line num="404" count="0" type="stmt"/>
      <line num="412" count="0" type="stmt"/>
      <line num="420" count="1" type="stmt"/>
      <line num="421" count="0" type="stmt"/>
      <line num="427" count="1" type="stmt"/>
      <line num="428" count="0" type="cond" truecount="0" falsecount="2"/>
      <line num="429" count="0" type="stmt"/>
      <line num="431" count="0" type="stmt"/>
      <line num="436" count="0" type="cond" truecount="0" falsecount="2"/>
      <line num="437" count="0" type="stmt"/>
      <line num="438" count="0" type="stmt"/>
      <line num="440" count="0" type="stmt"/>
      <line num="448" count="1" type="stmt"/>
      <line num="449" count="1" type="cond" truecount="1" falsecount="1"/>
      <line num="450" count="1" type="stmt"/>
      <line num="453" count="0" type="stmt"/>
      <line num="457" count="0" type="cond" truecount="0" falsecount="2"/>
      <line num="458" count="0" type="stmt"/>
      <line num="459" count="0" type="stmt"/>
      <line num="461" count="0" type="stmt"/>
      <line num="469" count="1" type="stmt"/>
      <line num="470" count="0" type="stmt"/>
      <line num="474" count="0" type="cond" truecount="0" falsecount="4"/>
      <line num="475" count="0" type="stmt"/>
      <line num="476" count="0" type="stmt"/>
      <line num="479" count="0" type="stmt"/>
      <line num="497" count="1" type="stmt"/>
      <line num="498" count="0" type="stmt"/>
      <line num="501" count="0" type="cond" truecount="0" falsecount="2"/>
      <line num="502" count="0" type="stmt"/>
      <line num="503" count="0" type="stmt"/>
      <line num="505" count="0" type="stmt"/>
      <line num="506" count="0" type="stmt"/>
      <line num="509" count="0" type="stmt"/>
      <line num="510" count="0" type="cond" truecount="0" falsecount="2"/>
      <line num="511" count="0" type="stmt"/>
      <line num="512" count="0" type="stmt"/>
      <line num="514" count="0" type="stmt"/>
      <line num="525" count="1" type="stmt"/>
      <line num="526" count="0" type="stmt"/>
      <line num="530" count="0" type="cond" truecount="0" falsecount="2"/>
      <line num="531" count="0" type="stmt"/>
      <line num="532" count="0" type="stmt"/>
      <line num="534" count="0" type="stmt"/>
      <line num="542" count="0" type="stmt"/>
      <line num="550" count="1" type="stmt"/>
      <line num="551" count="0" type="stmt"/>
      <line num="557" count="1" type="stmt"/>
      <line num="558" count="0" type="cond" truecount="0" falsecount="2"/>
      <line num="559" count="0" type="stmt"/>
      <line num="561" count="0" type="stmt"/>
      <line num="566" count="0" type="cond" truecount="0" falsecount="2"/>
      <line num="567" count="0" type="stmt"/>
      <line num="568" count="0" type="stmt"/>
      <line num="570" count="0" type="stmt"/>
      <line num="578" count="1" type="stmt"/>
      <line num="579" count="0" type="cond" truecount="0" falsecount="2"/>
      <line num="580" count="0" type="stmt"/>
      <line num="583" count="0" type="stmt"/>
      <line num="587" count="0" type="cond" truecount="0" falsecount="2"/>
      <line num="588" count="0" type="stmt"/>
      <line num="589" count="0" type="stmt"/>
      <line num="591" count="0" type="stmt"/>
      <line num="599" count="1" type="stmt"/>
      <line num="600" count="0" type="stmt"/>
      <line num="604" count="0" type="cond" truecount="0" falsecount="4"/>
      <line num="605" count="0" type="stmt"/>
      <line num="606" count="0" type="stmt"/>
      <line num="609" count="0" type="stmt"/>
      <line num="627" count="1" type="stmt"/>
      <line num="628" count="0" type="stmt"/>
      <line num="631" count="0" type="cond" truecount="0" falsecount="2"/>
      <line num="632" count="0" type="stmt"/>
      <line num="633" count="0" type="stmt"/>
      <line num="635" count="0" type="stmt"/>
      <line num="636" count="0" type="stmt"/>
      <line num="639" count="0" type="stmt"/>
      <line num="640" count="0" type="cond" truecount="0" falsecount="2"/>
      <line num="641" count="0" type="stmt"/>
      <line num="642" count="0" type="stmt"/>
      <line num="644" count="0" type="stmt"/>
      <line num="655" count="1" type="stmt"/>
      <line num="656" count="3" type="stmt"/>
      <line num="658" count="3" type="stmt"/>
      <line num="659" count="3" type="cond" truecount="2" falsecount="0"/>
      <line num="660" count="1" type="stmt"/>
      <line num="663" count="2" type="cond" truecount="2" falsecount="0"/>
      <line num="664" count="1" type="stmt"/>
      <line num="667" count="1" type="stmt"/>
      <line num="674" count="1" type="stmt"/>
      <line num="675" count="2" type="stmt"/>
      <line num="678" count="2" type="cond" truecount="4" falsecount="0"/>
      <line num="679" count="1" type="stmt"/>
      <line num="683" count="1" type="stmt"/>
      <line num="684" count="1" type="cond" truecount="4" falsecount="1"/>
      <line num="685" count="1" type="stmt"/>
      <line num="688" count="0" type="stmt"/>
      <line num="694" count="1" type="cond" truecount="1" falsecount="1"/>
      <line num="695" count="0" type="stmt"/>
      <line num="696" count="0" type="stmt"/>
      <line num="700" count="1" type="stmt"/>
    </file>
  </project>
</coverage>
