{"C:\\Coding c270\\TEAM5\\Team-5\\app.js": {"path":"C:\\Coding c270\\TEAM5\\Team-5\\app.js","statementMap":{"0":{"start":{"line":8,"column":16},"end":{"line":8,"column":34}},"1":{"start":{"line":9,"column":15},"end":{"line":9,"column":32}},"2":{"start":{"line":10,"column":13},"end":{"line":10,"column":28}},"3":{"start":{"line":11,"column":11},"end":{"line":11,"column":24}},"4":{"start":{"line":12,"column":16},"end":{"line":12,"column":42}},"5":{"start":{"line":13,"column":15},"end":{"line":13,"column":34}},"6":{"start":{"line":14,"column":16},"end":{"line":14,"column":44}},"7":{"start":{"line":15,"column":18},"end":{"line":15,"column":56}},"8":{"start":{"line":18,"column":12},"end":{"line":18,"column":21}},"9":{"start":{"line":19,"column":13},"end":{"line":19,"column":37}},"10":{"start":{"line":24,"column":19},"end":{"line":24,"column":50}},"11":{"start":{"line":25,"column":20},"end":{"line":25,"column":32}},"12":{"start":{"line":26,"column":22},"end":{"line":26,"column":37}},"13":{"start":{"line":27,"column":23},"end":{"line":27,"column":43}},"14":{"start":{"line":28,"column":25},"end":{"line":28,"column":27}},"15":{"start":{"line":29,"column":22},"end":{"line":29,"column":37}},"16":{"start":{"line":30,"column":27},"end":{"line":30,"column":52}},"17":{"start":{"line":31,"column":28},"end":{"line":31,"column":29}},"18":{"start":{"line":32,"column":21},"end":{"line":32,"column":22}},"19":{"start":{"line":33,"column":21},"end":{"line":33,"column":22}},"20":{"start":{"line":38,"column":11},"end":{"line":44,"column":2}},"21":{"start":{"line":39,"column":4},"end":{"line":43,"column":5}},"22":{"start":{"line":40,"column":8},"end":{"line":40,"column":57}},"23":{"start":{"line":42,"column":8},"end":{"line":42,"column":52}},"24":{"start":{"line":47,"column":27},"end":{"line":77,"column":1}},"25":{"start":{"line":48,"column":4},"end":{"line":76,"column":7}},"26":{"start":{"line":50,"column":8},"end":{"line":57,"column":11}},"27":{"start":{"line":60,"column":8},"end":{"line":73,"column":11}},"28":{"start":{"line":75,"column":8},"end":{"line":75,"column":51}},"29":{"start":{"line":79,"column":0},"end":{"line":79,"column":21}},"30":{"start":{"line":84,"column":15},"end":{"line":84,"column":37}},"31":{"start":{"line":85,"column":30},"end":{"line":85,"column":58}},"32":{"start":{"line":86,"column":0},"end":{"line":86,"column":24}},"33":{"start":{"line":88,"column":0},"end":{"line":94,"column":3}},"34":{"start":{"line":89,"column":4},"end":{"line":93,"column":7}},"35":{"start":{"line":99,"column":0},"end":{"line":99,"column":24}},"36":{"start":{"line":100,"column":0},"end":{"line":100,"column":48}},"37":{"start":{"line":103,"column":0},"end":{"line":114,"column":4}},"38":{"start":{"line":117,"column":0},"end":{"line":117,"column":31}},"39":{"start":{"line":118,"column":0},"end":{"line":118,"column":35}},"40":{"start":{"line":119,"column":0},"end":{"line":119,"column":32}},"41":{"start":{"line":125,"column":0},"end":{"line":127,"column":1}},"42":{"start":{"line":126,"column":4},"end":{"line":126,"column":29}},"43":{"start":{"line":129,"column":16},"end":{"line":137,"column":2}},"44":{"start":{"line":131,"column":8},"end":{"line":131,"column":29}},"45":{"start":{"line":134,"column":29},"end":{"line":134,"column":79}},"46":{"start":{"line":135,"column":8},"end":{"line":135,"column":65}},"47":{"start":{"line":139,"column":15},"end":{"line":149,"column":2}},"48":{"start":{"line":143,"column":20},"end":{"line":143,"column":65}},"49":{"start":{"line":144,"column":8},"end":{"line":146,"column":9}},"50":{"start":{"line":145,"column":12},"end":{"line":145,"column":54}},"51":{"start":{"line":147,"column":8},"end":{"line":147,"column":23}},"52":{"start":{"line":159,"column":4},"end":{"line":161,"column":5}},"53":{"start":{"line":160,"column":8},"end":{"line":160,"column":33}},"54":{"start":{"line":162,"column":4},"end":{"line":162,"column":11}},"55":{"start":{"line":169,"column":4},"end":{"line":169,"column":45}},"56":{"start":{"line":176,"column":4},"end":{"line":176,"column":41}},"57":{"start":{"line":183,"column":4},"end":{"line":183,"column":46}},"58":{"start":{"line":190,"column":22},"end":{"line":202,"column":15}},"59":{"start":{"line":190,"column":42},"end":{"line":202,"column":5}},"60":{"start":{"line":204,"column":20},"end":{"line":204,"column":77}},"61":{"start":{"line":206,"column":4},"end":{"line":252,"column":17}},"62":{"start":{"line":262,"column":0},"end":{"line":267,"column":3}},"63":{"start":{"line":263,"column":4},"end":{"line":265,"column":5}},"64":{"start":{"line":264,"column":8},"end":{"line":264,"column":37}},"65":{"start":{"line":266,"column":4},"end":{"line":266,"column":61}},"66":{"start":{"line":272,"column":0},"end":{"line":289,"column":3}},"67":{"start":{"line":273,"column":35},"end":{"line":273,"column":43}},"68":{"start":{"line":275,"column":4},"end":{"line":288,"column":7}},"69":{"start":{"line":276,"column":8},"end":{"line":279,"column":9}},"70":{"start":{"line":277,"column":12},"end":{"line":277,"column":53}},"71":{"start":{"line":278,"column":12},"end":{"line":278,"column":43}},"72":{"start":{"line":281,"column":8},"end":{"line":285,"column":9}},"73":{"start":{"line":282,"column":12},"end":{"line":282,"column":41}},"74":{"start":{"line":283,"column":12},"end":{"line":283,"column":49}},"75":{"start":{"line":284,"column":12},"end":{"line":284,"column":41}},"76":{"start":{"line":287,"column":8},"end":{"line":287,"column":77}},"77":{"start":{"line":294,"column":0},"end":{"line":311,"column":3}},"78":{"start":{"line":295,"column":35},"end":{"line":295,"column":43}},"79":{"start":{"line":297,"column":4},"end":{"line":310,"column":7}},"80":{"start":{"line":298,"column":8},"end":{"line":301,"column":9}},"81":{"start":{"line":299,"column":12},"end":{"line":299,"column":53}},"82":{"start":{"line":300,"column":12},"end":{"line":300,"column":55}},"83":{"start":{"line":303,"column":8},"end":{"line":307,"column":9}},"84":{"start":{"line":304,"column":12},"end":{"line":304,"column":41}},"85":{"start":{"line":305,"column":12},"end":{"line":305,"column":49}},"86":{"start":{"line":306,"column":12},"end":{"line":306,"column":41}},"87":{"start":{"line":309,"column":8},"end":{"line":309,"column":89}},"88":{"start":{"line":316,"column":0},"end":{"line":318,"column":3}},"89":{"start":{"line":317,"column":4},"end":{"line":317,"column":69}},"90":{"start":{"line":323,"column":0},"end":{"line":355,"column":3}},"91":{"start":{"line":324,"column":59},"end":{"line":324,"column":67}},"92":{"start":{"line":327,"column":4},"end":{"line":329,"column":5}},"93":{"start":{"line":328,"column":8},"end":{"line":328,"column":92}},"94":{"start":{"line":331,"column":4},"end":{"line":333,"column":5}},"95":{"start":{"line":332,"column":8},"end":{"line":332,"column":127}},"96":{"start":{"line":335,"column":4},"end":{"line":337,"column":5}},"97":{"start":{"line":336,"column":8},"end":{"line":336,"column":91}},"98":{"start":{"line":339,"column":27},"end":{"line":339,"column":49}},"99":{"start":{"line":341,"column":4},"end":{"line":354,"column":6}},"100":{"start":{"line":345,"column":12},"end":{"line":351,"column":13}},"101":{"start":{"line":346,"column":16},"end":{"line":346,"column":62}},"102":{"start":{"line":347,"column":16},"end":{"line":349,"column":17}},"103":{"start":{"line":348,"column":20},"end":{"line":348,"column":103}},"104":{"start":{"line":350,"column":16},"end":{"line":350,"column":58}},"105":{"start":{"line":352,"column":12},"end":{"line":352,"column":30}},"106":{"start":{"line":360,"column":0},"end":{"line":368,"column":3}},"107":{"start":{"line":361,"column":4},"end":{"line":367,"column":7}},"108":{"start":{"line":362,"column":8},"end":{"line":364,"column":9}},"109":{"start":{"line":363,"column":12},"end":{"line":363,"column":48}},"110":{"start":{"line":365,"column":8},"end":{"line":365,"column":39}},"111":{"start":{"line":366,"column":8},"end":{"line":366,"column":26}},"112":{"start":{"line":377,"column":0},"end":{"line":379,"column":3}},"113":{"start":{"line":378,"column":4},"end":{"line":378,"column":65}},"114":{"start":{"line":384,"column":0},"end":{"line":386,"column":3}},"115":{"start":{"line":385,"column":4},"end":{"line":385,"column":64}},"116":{"start":{"line":395,"column":0},"end":{"line":415,"column":3}},"117":{"start":{"line":396,"column":4},"end":{"line":414,"column":6}},"118":{"start":{"line":400,"column":12},"end":{"line":403,"column":13}},"119":{"start":{"line":401,"column":16},"end":{"line":401,"column":67}},"120":{"start":{"line":402,"column":16},"end":{"line":402,"column":55}},"121":{"start":{"line":404,"column":25},"end":{"line":411,"column":13}},"122":{"start":{"line":412,"column":12},"end":{"line":412,"column":27}},"123":{"start":{"line":420,"column":0},"end":{"line":422,"column":3}},"124":{"start":{"line":421,"column":4},"end":{"line":421,"column":69}},"125":{"start":{"line":427,"column":0},"end":{"line":443,"column":3}},"126":{"start":{"line":428,"column":18},"end":{"line":428,"column":62}},"127":{"start":{"line":429,"column":78},"end":{"line":429,"column":86}},"128":{"start":{"line":431,"column":4},"end":{"line":442,"column":6}},"129":{"start":{"line":436,"column":12},"end":{"line":439,"column":13}},"130":{"start":{"line":437,"column":16},"end":{"line":437,"column":64}},"131":{"start":{"line":438,"column":16},"end":{"line":438,"column":53}},"132":{"start":{"line":440,"column":12},"end":{"line":440,"column":45}},"133":{"start":{"line":448,"column":0},"end":{"line":464,"column":3}},"134":{"start":{"line":449,"column":4},"end":{"line":451,"column":5}},"135":{"start":{"line":450,"column":8},"end":{"line":450,"column":44}},"136":{"start":{"line":453,"column":4},"end":{"line":463,"column":6}},"137":{"start":{"line":457,"column":12},"end":{"line":460,"column":13}},"138":{"start":{"line":458,"column":16},"end":{"line":458,"column":66}},"139":{"start":{"line":459,"column":16},"end":{"line":459,"column":52}},"140":{"start":{"line":461,"column":12},"end":{"line":461,"column":40}},"141":{"start":{"line":469,"column":0},"end":{"line":492,"column":3}},"142":{"start":{"line":470,"column":4},"end":{"line":491,"column":6}},"143":{"start":{"line":474,"column":12},"end":{"line":477,"column":13}},"144":{"start":{"line":475,"column":16},"end":{"line":475,"column":75}},"145":{"start":{"line":476,"column":16},"end":{"line":476,"column":56}},"146":{"start":{"line":479,"column":12},"end":{"line":489,"column":15}},"147":{"start":{"line":497,"column":0},"end":{"line":516,"column":3}},"148":{"start":{"line":498,"column":78},"end":{"line":498,"column":86}},"149":{"start":{"line":501,"column":4},"end":{"line":507,"column":5}},"150":{"start":{"line":502,"column":8},"end":{"line":502,"column":141}},"151":{"start":{"line":503,"column":8},"end":{"line":503,"column":135}},"152":{"start":{"line":505,"column":8},"end":{"line":505,"column":132}},"153":{"start":{"line":506,"column":8},"end":{"line":506,"column":116}},"154":{"start":{"line":509,"column":4},"end":{"line":515,"column":7}},"155":{"start":{"line":510,"column":8},"end":{"line":513,"column":9}},"156":{"start":{"line":511,"column":12},"end":{"line":511,"column":62}},"157":{"start":{"line":512,"column":12},"end":{"line":512,"column":46}},"158":{"start":{"line":514,"column":8},"end":{"line":514,"column":41}},"159":{"start":{"line":525,"column":0},"end":{"line":545,"column":3}},"160":{"start":{"line":526,"column":4},"end":{"line":544,"column":6}},"161":{"start":{"line":530,"column":12},"end":{"line":533,"column":13}},"162":{"start":{"line":531,"column":16},"end":{"line":531,"column":68}},"163":{"start":{"line":532,"column":16},"end":{"line":532,"column":55}},"164":{"start":{"line":534,"column":25},"end":{"line":541,"column":13}},"165":{"start":{"line":542,"column":12},"end":{"line":542,"column":27}},"166":{"start":{"line":550,"column":0},"end":{"line":552,"column":3}},"167":{"start":{"line":551,"column":4},"end":{"line":551,"column":70}},"168":{"start":{"line":557,"column":0},"end":{"line":573,"column":3}},"169":{"start":{"line":558,"column":18},"end":{"line":558,"column":62}},"170":{"start":{"line":559,"column":78},"end":{"line":559,"column":86}},"171":{"start":{"line":561,"column":4},"end":{"line":572,"column":6}},"172":{"start":{"line":566,"column":12},"end":{"line":569,"column":13}},"173":{"start":{"line":567,"column":16},"end":{"line":567,"column":65}},"174":{"start":{"line":568,"column":16},"end":{"line":568,"column":53}},"175":{"start":{"line":570,"column":12},"end":{"line":570,"column":46}},"176":{"start":{"line":578,"column":0},"end":{"line":594,"column":3}},"177":{"start":{"line":579,"column":4},"end":{"line":581,"column":5}},"178":{"start":{"line":580,"column":8},"end":{"line":580,"column":44}},"179":{"start":{"line":583,"column":4},"end":{"line":593,"column":6}},"180":{"start":{"line":587,"column":12},"end":{"line":590,"column":13}},"181":{"start":{"line":588,"column":16},"end":{"line":588,"column":67}},"182":{"start":{"line":589,"column":16},"end":{"line":589,"column":52}},"183":{"start":{"line":591,"column":12},"end":{"line":591,"column":40}},"184":{"start":{"line":599,"column":0},"end":{"line":622,"column":3}},"185":{"start":{"line":600,"column":4},"end":{"line":621,"column":6}},"186":{"start":{"line":604,"column":12},"end":{"line":607,"column":13}},"187":{"start":{"line":605,"column":16},"end":{"line":605,"column":76}},"188":{"start":{"line":606,"column":16},"end":{"line":606,"column":57}},"189":{"start":{"line":609,"column":12},"end":{"line":619,"column":15}},"190":{"start":{"line":627,"column":0},"end":{"line":646,"column":3}},"191":{"start":{"line":628,"column":78},"end":{"line":628,"column":86}},"192":{"start":{"line":631,"column":4},"end":{"line":637,"column":5}},"193":{"start":{"line":632,"column":8},"end":{"line":632,"column":141}},"194":{"start":{"line":633,"column":8},"end":{"line":633,"column":135}},"195":{"start":{"line":635,"column":8},"end":{"line":635,"column":132}},"196":{"start":{"line":636,"column":8},"end":{"line":636,"column":116}},"197":{"start":{"line":639,"column":4},"end":{"line":645,"column":7}},"198":{"start":{"line":640,"column":8},"end":{"line":643,"column":9}},"199":{"start":{"line":641,"column":12},"end":{"line":641,"column":63}},"200":{"start":{"line":642,"column":12},"end":{"line":642,"column":46}},"201":{"start":{"line":644,"column":8},"end":{"line":644,"column":42}},"202":{"start":{"line":655,"column":0},"end":{"line":669,"column":3}},"203":{"start":{"line":656,"column":26},"end":{"line":656,"column":47}},"204":{"start":{"line":658,"column":4},"end":{"line":668,"column":7}},"205":{"start":{"line":659,"column":8},"end":{"line":661,"column":9}},"206":{"start":{"line":660,"column":12},"end":{"line":660,"column":53}},"207":{"start":{"line":663,"column":8},"end":{"line":665,"column":9}},"208":{"start":{"line":664,"column":12},"end":{"line":664,"column":60}},"209":{"start":{"line":667,"column":8},"end":{"line":667,"column":38}},"210":{"start":{"line":674,"column":0},"end":{"line":689,"column":3}},"211":{"start":{"line":675,"column":38},"end":{"line":675,"column":46}},"212":{"start":{"line":678,"column":4},"end":{"line":680,"column":5}},"213":{"start":{"line":679,"column":8},"end":{"line":679,"column":53}},"214":{"start":{"line":683,"column":24},"end":{"line":683,"column":40}},"215":{"start":{"line":684,"column":4},"end":{"line":686,"column":5}},"216":{"start":{"line":685,"column":8},"end":{"line":685,"column":56}},"217":{"start":{"line":688,"column":4},"end":{"line":688,"column":30}},"218":{"start":{"line":694,"column":0},"end":{"line":698,"column":1}},"219":{"start":{"line":695,"column":4},"end":{"line":697,"column":7}},"220":{"start":{"line":696,"column":8},"end":{"line":696,"column":69}},"221":{"start":{"line":700,"column":0},"end":{"line":700,"column":21}}},"fnMap":{"0":{"name":"(anonymous_0)","decl":{"start":{"line":38,"column":47},"end":{"line":38,"column":48}},"loc":{"start":{"line":38,"column":56},"end":{"line":44,"column":1}},"line":38},"1":{"name":"(anonymous_1)","decl":{"start":{"line":47,"column":27},"end":{"line":47,"column":28}},"loc":{"start":{"line":47,"column":33},"end":{"line":77,"column":1}},"line":47},"2":{"name":"(anonymous_2)","decl":{"start":{"line":48,"column":17},"end":{"line":48,"column":18}},"loc":{"start":{"line":48,"column":23},"end":{"line":76,"column":5}},"line":48},"3":{"name":"(anonymous_3)","decl":{"start":{"line":88,"column":19},"end":{"line":88,"column":20}},"loc":{"start":{"line":88,"column":33},"end":{"line":94,"column":1}},"line":88},"4":{"name":"(anonymous_4)","decl":{"start":{"line":130,"column":17},"end":{"line":130,"column":18}},"loc":{"start":{"line":130,"column":36},"end":{"line":132,"column":5}},"line":130},"5":{"name":"(anonymous_5)","decl":{"start":{"line":133,"column":14},"end":{"line":133,"column":15}},"loc":{"start":{"line":133,"column":33},"end":{"line":136,"column":5}},"line":133},"6":{"name":"(anonymous_6)","decl":{"start":{"line":142,"column":16},"end":{"line":142,"column":17}},"loc":{"start":{"line":142,"column":35},"end":{"line":148,"column":5}},"line":142},"7":{"name":"requireLogin","decl":{"start":{"line":158,"column":9},"end":{"line":158,"column":21}},"loc":{"start":{"line":158,"column":38},"end":{"line":163,"column":1}},"line":158},"8":{"name":"isAuthenticated","decl":{"start":{"line":168,"column":9},"end":{"line":168,"column":24}},"loc":{"start":{"line":168,"column":30},"end":{"line":170,"column":1}},"line":168},"9":{"name":"hashPassword","decl":{"start":{"line":175,"column":9},"end":{"line":175,"column":21}},"loc":{"start":{"line":175,"column":32},"end":{"line":177,"column":1}},"line":175},"10":{"name":"verifyPassword","decl":{"start":{"line":182,"column":9},"end":{"line":182,"column":23}},"loc":{"start":{"line":182,"column":40},"end":{"line":184,"column":1}},"line":182},"11":{"name":"generateListHTML","decl":{"start":{"line":189,"column":9},"end":{"line":189,"column":25}},"loc":{"start":{"line":189,"column":85},"end":{"line":253,"column":1}},"line":189},"12":{"name":"(anonymous_12)","decl":{"start":{"line":190,"column":34},"end":{"line":190,"column":35}},"loc":{"start":{"line":190,"column":42},"end":{"line":202,"column":5}},"line":190},"13":{"name":"(anonymous_13)","decl":{"start":{"line":262,"column":13},"end":{"line":262,"column":14}},"loc":{"start":{"line":262,"column":27},"end":{"line":267,"column":1}},"line":262},"14":{"name":"(anonymous_14)","decl":{"start":{"line":272,"column":14},"end":{"line":272,"column":15}},"loc":{"start":{"line":272,"column":34},"end":{"line":289,"column":1}},"line":272},"15":{"name":"(anonymous_15)","decl":{"start":{"line":275,"column":65},"end":{"line":275,"column":66}},"loc":{"start":{"line":275,"column":80},"end":{"line":288,"column":5}},"line":275},"16":{"name":"(anonymous_16)","decl":{"start":{"line":294,"column":19},"end":{"line":294,"column":20}},"loc":{"start":{"line":294,"column":39},"end":{"line":311,"column":1}},"line":294},"17":{"name":"(anonymous_17)","decl":{"start":{"line":297,"column":65},"end":{"line":297,"column":66}},"loc":{"start":{"line":297,"column":80},"end":{"line":310,"column":5}},"line":297},"18":{"name":"(anonymous_18)","decl":{"start":{"line":316,"column":26},"end":{"line":316,"column":27}},"loc":{"start":{"line":316,"column":40},"end":{"line":318,"column":1}},"line":316},"19":{"name":"(anonymous_19)","decl":{"start":{"line":323,"column":27},"end":{"line":323,"column":28}},"loc":{"start":{"line":323,"column":47},"end":{"line":355,"column":1}},"line":323},"20":{"name":"(anonymous_20)","decl":{"start":{"line":344,"column":8},"end":{"line":344,"column":9}},"loc":{"start":{"line":344,"column":22},"end":{"line":353,"column":9}},"line":344},"21":{"name":"(anonymous_21)","decl":{"start":{"line":360,"column":19},"end":{"line":360,"column":20}},"loc":{"start":{"line":360,"column":33},"end":{"line":368,"column":1}},"line":360},"22":{"name":"(anonymous_22)","decl":{"start":{"line":361,"column":24},"end":{"line":361,"column":25}},"loc":{"start":{"line":361,"column":33},"end":{"line":367,"column":5}},"line":361},"23":{"name":"(anonymous_23)","decl":{"start":{"line":377,"column":31},"end":{"line":377,"column":32}},"loc":{"start":{"line":377,"column":45},"end":{"line":379,"column":1}},"line":377},"24":{"name":"(anonymous_24)","decl":{"start":{"line":384,"column":27},"end":{"line":384,"column":28}},"loc":{"start":{"line":384,"column":41},"end":{"line":386,"column":1}},"line":384},"25":{"name":"(anonymous_25)","decl":{"start":{"line":395,"column":42},"end":{"line":395,"column":43}},"loc":{"start":{"line":395,"column":56},"end":{"line":415,"column":1}},"line":395},"26":{"name":"(anonymous_26)","decl":{"start":{"line":399,"column":8},"end":{"line":399,"column":9}},"loc":{"start":{"line":399,"column":23},"end":{"line":413,"column":9}},"line":399},"27":{"name":"(anonymous_27)","decl":{"start":{"line":420,"column":40},"end":{"line":420,"column":41}},"loc":{"start":{"line":420,"column":54},"end":{"line":422,"column":1}},"line":420},"28":{"name":"(anonymous_28)","decl":{"start":{"line":427,"column":65},"end":{"line":427,"column":66}},"loc":{"start":{"line":427,"column":79},"end":{"line":443,"column":1}},"line":427},"29":{"name":"(anonymous_29)","decl":{"start":{"line":435,"column":8},"end":{"line":435,"column":9}},"loc":{"start":{"line":435,"column":17},"end":{"line":441,"column":9}},"line":435},"30":{"name":"(anonymous_30)","decl":{"start":{"line":448,"column":34},"end":{"line":448,"column":35}},"loc":{"start":{"line":448,"column":48},"end":{"line":464,"column":1}},"line":448},"31":{"name":"(anonymous_31)","decl":{"start":{"line":456,"column":8},"end":{"line":456,"column":9}},"loc":{"start":{"line":456,"column":17},"end":{"line":462,"column":9}},"line":456},"32":{"name":"(anonymous_32)","decl":{"start":{"line":469,"column":45},"end":{"line":469,"column":46}},"loc":{"start":{"line":469,"column":59},"end":{"line":492,"column":1}},"line":469},"33":{"name":"(anonymous_33)","decl":{"start":{"line":473,"column":8},"end":{"line":473,"column":9}},"loc":{"start":{"line":473,"column":23},"end":{"line":490,"column":9}},"line":473},"34":{"name":"(anonymous_34)","decl":{"start":{"line":497,"column":70},"end":{"line":497,"column":71}},"loc":{"start":{"line":497,"column":84},"end":{"line":516,"column":1}},"line":497},"35":{"name":"(anonymous_35)","decl":{"start":{"line":509,"column":26},"end":{"line":509,"column":27}},"loc":{"start":{"line":509,"column":35},"end":{"line":515,"column":5}},"line":509},"36":{"name":"(anonymous_36)","decl":{"start":{"line":525,"column":43},"end":{"line":525,"column":44}},"loc":{"start":{"line":525,"column":57},"end":{"line":545,"column":1}},"line":525},"37":{"name":"(anonymous_37)","decl":{"start":{"line":529,"column":8},"end":{"line":529,"column":9}},"loc":{"start":{"line":529,"column":23},"end":{"line":543,"column":9}},"line":529},"38":{"name":"(anonymous_38)","decl":{"start":{"line":550,"column":41},"end":{"line":550,"column":42}},"loc":{"start":{"line":550,"column":55},"end":{"line":552,"column":1}},"line":550},"39":{"name":"(anonymous_39)","decl":{"start":{"line":557,"column":66},"end":{"line":557,"column":67}},"loc":{"start":{"line":557,"column":80},"end":{"line":573,"column":1}},"line":557},"40":{"name":"(anonymous_40)","decl":{"start":{"line":565,"column":8},"end":{"line":565,"column":9}},"loc":{"start":{"line":565,"column":17},"end":{"line":571,"column":9}},"line":565},"41":{"name":"(anonymous_41)","decl":{"start":{"line":578,"column":35},"end":{"line":578,"column":36}},"loc":{"start":{"line":578,"column":49},"end":{"line":594,"column":1}},"line":578},"42":{"name":"(anonymous_42)","decl":{"start":{"line":586,"column":8},"end":{"line":586,"column":9}},"loc":{"start":{"line":586,"column":17},"end":{"line":592,"column":9}},"line":586},"43":{"name":"(anonymous_43)","decl":{"start":{"line":599,"column":46},"end":{"line":599,"column":47}},"loc":{"start":{"line":599,"column":60},"end":{"line":622,"column":1}},"line":599},"44":{"name":"(anonymous_44)","decl":{"start":{"line":603,"column":8},"end":{"line":603,"column":9}},"loc":{"start":{"line":603,"column":23},"end":{"line":620,"column":9}},"line":603},"45":{"name":"(anonymous_45)","decl":{"start":{"line":627,"column":71},"end":{"line":627,"column":72}},"loc":{"start":{"line":627,"column":85},"end":{"line":646,"column":1}},"line":627},"46":{"name":"(anonymous_46)","decl":{"start":{"line":639,"column":26},"end":{"line":639,"column":27}},"loc":{"start":{"line":639,"column":35},"end":{"line":645,"column":5}},"line":639},"47":{"name":"(anonymous_47)","decl":{"start":{"line":655,"column":20},"end":{"line":655,"column":21}},"loc":{"start":{"line":655,"column":34},"end":{"line":669,"column":1}},"line":655},"48":{"name":"(anonymous_48)","decl":{"start":{"line":658,"column":28},"end":{"line":658,"column":29}},"loc":{"start":{"line":658,"column":37},"end":{"line":668,"column":5}},"line":658},"49":{"name":"(anonymous_49)","decl":{"start":{"line":674,"column":21},"end":{"line":674,"column":22}},"loc":{"start":{"line":674,"column":35},"end":{"line":689,"column":1}},"line":674},"50":{"name":"(anonymous_50)","decl":{"start":{"line":695,"column":21},"end":{"line":695,"column":22}},"loc":{"start":{"line":695,"column":27},"end":{"line":697,"column":5}},"line":695}},"branchMap":{"0":{"loc":{"start":{"line":19,"column":13},"end":{"line":19,"column":37}},"type":"binary-expr","locations":[{"start":{"line":19,"column":13},"end":{"line":19,"column":29}},{"start":{"line":19,"column":33},"end":{"line":19,"column":37}}],"line":19},"1":{"loc":{"start":{"line":39,"column":4},"end":{"line":43,"column":5}},"type":"if","locations":[{"start":{"line":39,"column":4},"end":{"line":43,"column":5}},{"start":{"line":41,"column":11},"end":{"line":43,"column":5}}],"line":39},"2":{"loc":{"start":{"line":125,"column":0},"end":{"line":127,"column":1}},"type":"if","locations":[{"start":{"line":125,"column":0},"end":{"line":127,"column":1}},{"start":{},"end":{}}],"line":125},"3":{"loc":{"start":{"line":144,"column":8},"end":{"line":146,"column":9}},"type":"if","locations":[{"start":{"line":144,"column":8},"end":{"line":146,"column":9}},{"start":{},"end":{}}],"line":144},"4":{"loc":{"start":{"line":159,"column":4},"end":{"line":161,"column":5}},"type":"if","locations":[{"start":{"line":159,"column":4},"end":{"line":161,"column":5}},{"start":{},"end":{}}],"line":159},"5":{"loc":{"start":{"line":159,"column":8},"end":{"line":159,"column":43}},"type":"binary-expr","locations":[{"start":{"line":159,"column":8},"end":{"line":159,"column":20}},{"start":{"line":159,"column":24},"end":{"line":159,"column":43}}],"line":159},"6":{"loc":{"start":{"line":169,"column":11},"end":{"line":169,"column":44}},"type":"binary-expr","locations":[{"start":{"line":169,"column":11},"end":{"line":169,"column":22}},{"start":{"line":169,"column":26},"end":{"line":169,"column":44}}],"line":169},"7":{"loc":{"start":{"line":204,"column":20},"end":{"line":204,"column":77}},"type":"cond-expr","locations":[{"start":{"line":204,"column":41},"end":{"line":204,"column":57}},{"start":{"line":204,"column":60},"end":{"line":204,"column":77}}],"line":204},"8":{"loc":{"start":{"line":263,"column":4},"end":{"line":265,"column":5}},"type":"if","locations":[{"start":{"line":263,"column":4},"end":{"line":265,"column":5}},{"start":{},"end":{}}],"line":263},"9":{"loc":{"start":{"line":276,"column":8},"end":{"line":279,"column":9}},"type":"if","locations":[{"start":{"line":276,"column":8},"end":{"line":279,"column":9}},{"start":{},"end":{}}],"line":276},"10":{"loc":{"start":{"line":281,"column":8},"end":{"line":285,"column":9}},"type":"if","locations":[{"start":{"line":281,"column":8},"end":{"line":285,"column":9}},{"start":{},"end":{}}],"line":281},"11":{"loc":{"start":{"line":281,"column":12},"end":{"line":281,"column":59}},"type":"binary-expr","locations":[{"start":{"line":281,"column":12},"end":{"line":281,"column":16}},{"start":{"line":281,"column":20},"end":{"line":281,"column":59}}],"line":281},"12":{"loc":{"start":{"line":298,"column":8},"end":{"line":301,"column":9}},"type":"if","locations":[{"start":{"line":298,"column":8},"end":{"line":301,"column":9}},{"start":{},"end":{}}],"line":298},"13":{"loc":{"start":{"line":303,"column":8},"end":{"line":307,"column":9}},"type":"if","locations":[{"start":{"line":303,"column":8},"end":{"line":307,"column":9}},{"start":{},"end":{}}],"line":303},"14":{"loc":{"start":{"line":303,"column":12},"end":{"line":303,"column":59}},"type":"binary-expr","locations":[{"start":{"line":303,"column":12},"end":{"line":303,"column":16}},{"start":{"line":303,"column":20},"end":{"line":303,"column":59}}],"line":303},"15":{"loc":{"start":{"line":327,"column":4},"end":{"line":329,"column":5}},"type":"if","locations":[{"start":{"line":327,"column":4},"end":{"line":329,"column":5}},{"start":{},"end":{}}],"line":327},"16":{"loc":{"start":{"line":327,"column":8},"end":{"line":327,"column":60}},"type":"binary-expr","locations":[{"start":{"line":327,"column":8},"end":{"line":327,"column":17}},{"start":{"line":327,"column":21},"end":{"line":327,"column":27}},{"start":{"line":327,"column":31},"end":{"line":327,"column":40}},{"start":{"line":327,"column":44},"end":{"line":327,"column":60}}],"line":327},"17":{"loc":{"start":{"line":331,"column":4},"end":{"line":333,"column":5}},"type":"if","locations":[{"start":{"line":331,"column":4},"end":{"line":333,"column":5}},{"start":{},"end":{}}],"line":331},"18":{"loc":{"start":{"line":335,"column":4},"end":{"line":337,"column":5}},"type":"if","locations":[{"start":{"line":335,"column":4},"end":{"line":337,"column":5}},{"start":{},"end":{}}],"line":335},"19":{"loc":{"start":{"line":345,"column":12},"end":{"line":351,"column":13}},"type":"if","locations":[{"start":{"line":345,"column":12},"end":{"line":351,"column":13}},{"start":{},"end":{}}],"line":345},"20":{"loc":{"start":{"line":347,"column":16},"end":{"line":349,"column":17}},"type":"if","locations":[{"start":{"line":347,"column":16},"end":{"line":349,"column":17}},{"start":{},"end":{}}],"line":347},"21":{"loc":{"start":{"line":362,"column":8},"end":{"line":364,"column":9}},"type":"if","locations":[{"start":{"line":362,"column":8},"end":{"line":364,"column":9}},{"start":{},"end":{}}],"line":362},"22":{"loc":{"start":{"line":400,"column":12},"end":{"line":403,"column":13}},"type":"if","locations":[{"start":{"line":400,"column":12},"end":{"line":403,"column":13}},{"start":{},"end":{}}],"line":400},"23":{"loc":{"start":{"line":428,"column":18},"end":{"line":428,"column":62}},"type":"cond-expr","locations":[{"start":{"line":428,"column":29},"end":{"line":428,"column":46}},{"start":{"line":428,"column":49},"end":{"line":428,"column":62}}],"line":428},"24":{"loc":{"start":{"line":436,"column":12},"end":{"line":439,"column":13}},"type":"if","locations":[{"start":{"line":436,"column":12},"end":{"line":439,"column":13}},{"start":{},"end":{}}],"line":436},"25":{"loc":{"start":{"line":449,"column":4},"end":{"line":451,"column":5}},"type":"if","locations":[{"start":{"line":449,"column":4},"end":{"line":451,"column":5}},{"start":{},"end":{}}],"line":449},"26":{"loc":{"start":{"line":457,"column":12},"end":{"line":460,"column":13}},"type":"if","locations":[{"start":{"line":457,"column":12},"end":{"line":460,"column":13}},{"start":{},"end":{}}],"line":457},"27":{"loc":{"start":{"line":474,"column":12},"end":{"line":477,"column":13}},"type":"if","locations":[{"start":{"line":474,"column":12},"end":{"line":477,"column":13}},{"start":{},"end":{}}],"line":474},"28":{"loc":{"start":{"line":474,"column":16},"end":{"line":474,"column":28}},"type":"binary-expr","locations":[{"start":{"line":474,"column":16},"end":{"line":474,"column":19}},{"start":{"line":474,"column":23},"end":{"line":474,"column":28}}],"line":474},"29":{"loc":{"start":{"line":501,"column":4},"end":{"line":507,"column":5}},"type":"if","locations":[{"start":{"line":501,"column":4},"end":{"line":507,"column":5}},{"start":{"line":504,"column":11},"end":{"line":507,"column":5}}],"line":501},"30":{"loc":{"start":{"line":510,"column":8},"end":{"line":513,"column":9}},"type":"if","locations":[{"start":{"line":510,"column":8},"end":{"line":513,"column":9}},{"start":{},"end":{}}],"line":510},"31":{"loc":{"start":{"line":530,"column":12},"end":{"line":533,"column":13}},"type":"if","locations":[{"start":{"line":530,"column":12},"end":{"line":533,"column":13}},{"start":{},"end":{}}],"line":530},"32":{"loc":{"start":{"line":558,"column":18},"end":{"line":558,"column":62}},"type":"cond-expr","locations":[{"start":{"line":558,"column":29},"end":{"line":558,"column":46}},{"start":{"line":558,"column":49},"end":{"line":558,"column":62}}],"line":558},"33":{"loc":{"start":{"line":566,"column":12},"end":{"line":569,"column":13}},"type":"if","locations":[{"start":{"line":566,"column":12},"end":{"line":569,"column":13}},{"start":{},"end":{}}],"line":566},"34":{"loc":{"start":{"line":579,"column":4},"end":{"line":581,"column":5}},"type":"if","locations":[{"start":{"line":579,"column":4},"end":{"line":581,"column":5}},{"start":{},"end":{}}],"line":579},"35":{"loc":{"start":{"line":587,"column":12},"end":{"line":590,"column":13}},"type":"if","locations":[{"start":{"line":587,"column":12},"end":{"line":590,"column":13}},{"start":{},"end":{}}],"line":587},"36":{"loc":{"start":{"line":604,"column":12},"end":{"line":607,"column":13}},"type":"if","locations":[{"start":{"line":604,"column":12},"end":{"line":607,"column":13}},{"start":{},"end":{}}],"line":604},"37":{"loc":{"start":{"line":604,"column":16},"end":{"line":604,"column":28}},"type":"binary-expr","locations":[{"start":{"line":604,"column":16},"end":{"line":604,"column":19}},{"start":{"line":604,"column":23},"end":{"line":604,"column":28}}],"line":604},"38":{"loc":{"start":{"line":631,"column":4},"end":{"line":637,"column":5}},"type":"if","locations":[{"start":{"line":631,"column":4},"end":{"line":637,"column":5}},{"start":{"line":634,"column":11},"end":{"line":637,"column":5}}],"line":631},"39":{"loc":{"start":{"line":640,"column":8},"end":{"line":643,"column":9}},"type":"if","locations":[{"start":{"line":640,"column":8},"end":{"line":643,"column":9}},{"start":{},"end":{}}],"line":640},"40":{"loc":{"start":{"line":659,"column":8},"end":{"line":661,"column":9}},"type":"if","locations":[{"start":{"line":659,"column":8},"end":{"line":661,"column":9}},{"start":{},"end":{}}],"line":659},"41":{"loc":{"start":{"line":663,"column":8},"end":{"line":665,"column":9}},"type":"if","locations":[{"start":{"line":663,"column":8},"end":{"line":665,"column":9}},{"start":{},"end":{}}],"line":663},"42":{"loc":{"start":{"line":678,"column":4},"end":{"line":680,"column":5}},"type":"if","locations":[{"start":{"line":678,"column":4},"end":{"line":680,"column":5}},{"start":{},"end":{}}],"line":678},"43":{"loc":{"start":{"line":678,"column":8},"end":{"line":678,"column":55}},"type":"binary-expr","locations":[{"start":{"line":678,"column":8},"end":{"line":678,"column":19}},{"start":{"line":678,"column":23},"end":{"line":678,"column":55}}],"line":678},"44":{"loc":{"start":{"line":684,"column":4},"end":{"line":686,"column":5}},"type":"if","locations":[{"start":{"line":684,"column":4},"end":{"line":686,"column":5}},{"start":{},"end":{}}],"line":684},"45":{"loc":{"start":{"line":684,"column":8},"end":{"line":684,"column":86}},"type":"binary-expr","locations":[{"start":{"line":684,"column":8},"end":{"line":684,"column":26}},{"start":{"line":684,"column":30},"end":{"line":684,"column":56}},{"start":{"line":684,"column":60},"end":{"line":684,"column":86}}],"line":684},"46":{"loc":{"start":{"line":694,"column":0},"end":{"line":698,"column":1}},"type":"if","locations":[{"start":{"line":694,"column":0},"end":{"line":698,"column":1}},{"start":{},"end":{}}],"line":694}},"s":{"0":1,"1":1,"2":1,"3":1,"4":1,"5":1,"6":1,"7":1,"8":1,"9":1,"10":1,"11":1,"12":1,"13":1,"14":1,"15":1,"16":1,"17":1,"18":1,"19":1,"20":1,"21":1,"22":0,"23":1,"24":1,"25":1,"26":1,"27":1,"28":1,"29":1,"30":1,"31":1,"32":1,"33":1,"34":0,"35":1,"36":1,"37":1,"38":1,"39":1,"40":1,"41":1,"42":0,"43":1,"44":1,"45":1,"46":1,"47":1,"48":1,"49":1,"50":0,"51":1,"52":6,"53":1,"54":5,"55":2,"56":7,"57":6,"58":1,"59":0,"60":1,"61":1,"62":1,"63":1,"64":0,"65":1,"66":1,"67":0,"68":0,"69":0,"70":0,"71":0,"72":0,"73":0,"74":0,"75":0,"76":0,"77":1,"78":6,"79":6,"80":6,"81":0,"82":0,"83":6,"84":5,"85":5,"86":5,"87":1,"88":1,"89":1,"90":1,"91":9,"92":9,"93":0,"94":9,"95":1,"96":8,"97":1,"98":7,"99":7,"100":7,"101":7,"102":7,"103":7,"104":0,"105":0,"106":1,"107":0,"108":0,"109":0,"110":0,"111":0,"112":1,"113":0,"114":1,"115":0,"116":1,"117":1,"118":1,"119":0,"120":0,"121":1,"122":1,"123":1,"124":0,"125":1,"126":3,"127":3,"128":3,"129":3,"130":0,"131":0,"132":3,"133":1,"134":1,"135":0,"136":1,"137":1,"138":0,"139":0,"140":1,"141":1,"142":0,"143":0,"144":0,"145":0,"146":0,"147":1,"148":1,"149":1,"150":0,"151":0,"152":1,"153":1,"154":1,"155":1,"156":0,"157":0,"158":1,"159":1,"160":0,"161":0,"162":0,"163":0,"164":0,"165":0,"166":1,"167":0,"168":1,"169":0,"170":0,"171":0,"172":0,"173":0,"174":0,"175":0,"176":1,"177":0,"178":0,"179":0,"180":0,"181":0,"182":0,"183":0,"184":1,"185":0,"186":0,"187":0,"188":0,"189":0,"190":1,"191":0,"192":0,"193":0,"194":0,"195":0,"196":0,"197":0,"198":0,"199":0,"200":0,"201":0,"202":1,"203":2,"204":2,"205":2,"206":0,"207":2,"208":1,"209":1,"210":1,"211":2,"212":2,"213":1,"214":1,"215":1,"216":1,"217":0,"218":1,"219":0,"220":0,"221":1},"f":{"0":1,"1":1,"2":1,"3":0,"4":1,"5":1,"6":1,"7":6,"8":2,"9":7,"10":6,"11":1,"12":0,"13":1,"14":0,"15":0,"16":6,"17":6,"18":1,"19":9,"20":7,"21":0,"22":0,"23":0,"24":0,"25":1,"26":1,"27":0,"28":3,"29":3,"30":1,"31":1,"32":0,"33":0,"34":1,"35":1,"36":0,"37":0,"38":0,"39":0,"40":0,"41":0,"42":0,"43":0,"44":0,"45":0,"46":0,"47":2,"48":2,"49":2,"50":0},"b":{"0":[1,1],"1":[0,1],"2":[0,1],"3":[0,1],"4":[1,5],"5":[6,6],"6":[2,2],"7":[1,0],"8":[0,1],"9":[0,0],"10":[0,0],"11":[0,0],"12":[0,6],"13":[5,1],"14":[6,6],"15":[0,9],"16":[9,9,9,9],"17":[1,8],"18":[1,7],"19":[7,0],"20":[7,0],"21":[0,0],"22":[0,1],"23":[0,3],"24":[0,3],"25":[0,1],"26":[0,1],"27":[0,0],"28":[0,0],"29":[0,1],"30":[0,1],"31":[0,0],"32":[0,0],"33":[0,0],"34":[0,0],"35":[0,0],"36":[0,0],"37":[0,0],"38":[0,0],"39":[0,0],"40":[0,2],"41":[1,1],"42":[1,1],"43":[2,2],"44":[1,0],"45":[1,1,1],"46":[0,1]},"_coverageSchema":"1a1c01bbd47fc00a2c39e90264f33305004495a9","hash":"a6b537c49f795dc012799f36d7b3923af29434ec"}
}
