{"C:\\Users\\24047297\\OneDrive - Republic Polytechnic\\Desktop\\RP\\YEAR 2(SEM2)\\C270\\C270GitHub\\Team-5\\app.js": {"path":"C:\\Users\\24047297\\OneDrive - Republic Polytechnic\\Desktop\\RP\\YEAR 2(SEM2)\\C270\\C270GitHub\\Team-5\\app.js","statementMap":{"0":{"start":{"line":7,"column":16},"end":{"line":7,"column":34}},"1":{"start":{"line":8,"column":15},"end":{"line":8,"column":32}},"2":{"start":{"line":9,"column":13},"end":{"line":9,"column":28}},"3":{"start":{"line":10,"column":11},"end":{"line":10,"column":24}},"4":{"start":{"line":11,"column":16},"end":{"line":11,"column":42}},"5":{"start":{"line":12,"column":15},"end":{"line":12,"column":34}},"6":{"start":{"line":13,"column":16},"end":{"line":13,"column":44}},"7":{"start":{"line":14,"column":18},"end":{"line":14,"column":56}},"8":{"start":{"line":17,"column":12},"end":{"line":17,"column":21}},"9":{"start":{"line":18,"column":13},"end":{"line":18,"column":37}},"10":{"start":{"line":23,"column":11},"end":{"line":29,"column":2}},"11":{"start":{"line":24,"column":4},"end":{"line":28,"column":5}},"12":{"start":{"line":25,"column":8},"end":{"line":25,"column":57}},"13":{"start":{"line":27,"column":8},"end":{"line":27,"column":52}},"14":{"start":{"line":32,"column":0},"end":{"line":58,"column":3}},"15":{"start":{"line":33,"column":4},"end":{"line":40,"column":7}},"16":{"start":{"line":42,"column":4},"end":{"line":55,"column":7}},"17":{"start":{"line":57,"column":4},"end":{"line":57,"column":47}},"18":{"start":{"line":63,"column":15},"end":{"line":63,"column":37}},"19":{"start":{"line":64,"column":30},"end":{"line":64,"column":58}},"20":{"start":{"line":65,"column":0},"end":{"line":65,"column":24}},"21":{"start":{"line":67,"column":0},"end":{"line":69,"column":3}},"22":{"start":{"line":68,"column":4},"end":{"line":68,"column":69}},"23":{"start":{"line":74,"column":0},"end":{"line":74,"column":24}},"24":{"start":{"line":75,"column":0},"end":{"line":75,"column":48}},"25":{"start":{"line":78,"column":0},"end":{"line":89,"column":4}},"26":{"start":{"line":92,"column":0},"end":{"line":92,"column":31}},"27":{"start":{"line":93,"column":0},"end":{"line":93,"column":35}},"28":{"start":{"line":94,"column":0},"end":{"line":94,"column":32}},"29":{"start":{"line":99,"column":18},"end":{"line":99,"column":49}},"30":{"start":{"line":100,"column":0},"end":{"line":102,"column":1}},"31":{"start":{"line":101,"column":4},"end":{"line":101,"column":28}},"32":{"start":{"line":104,"column":16},"end":{"line":112,"column":2}},"33":{"start":{"line":106,"column":8},"end":{"line":106,"column":28}},"34":{"start":{"line":109,"column":29},"end":{"line":109,"column":79}},"35":{"start":{"line":110,"column":8},"end":{"line":110,"column":65}},"36":{"start":{"line":114,"column":15},"end":{"line":124,"column":2}},"37":{"start":{"line":118,"column":24},"end":{"line":118,"column":49}},"38":{"start":{"line":119,"column":8},"end":{"line":121,"column":9}},"39":{"start":{"line":120,"column":12},"end":{"line":120,"column":54}},"40":{"start":{"line":122,"column":8},"end":{"line":122,"column":23}},"41":{"start":{"line":130,"column":4},"end":{"line":132,"column":5}},"42":{"start":{"line":131,"column":8},"end":{"line":131,"column":33}},"43":{"start":{"line":133,"column":4},"end":{"line":133,"column":11}},"44":{"start":{"line":141,"column":0},"end":{"line":144,"column":3}},"45":{"start":{"line":142,"column":4},"end":{"line":142,"column":72}},"46":{"start":{"line":142,"column":43},"end":{"line":142,"column":72}},"47":{"start":{"line":143,"column":4},"end":{"line":143,"column":49}},"48":{"start":{"line":147,"column":0},"end":{"line":164,"column":3}},"49":{"start":{"line":148,"column":35},"end":{"line":148,"column":43}},"50":{"start":{"line":150,"column":4},"end":{"line":163,"column":7}},"51":{"start":{"line":151,"column":8},"end":{"line":154,"column":9}},"52":{"start":{"line":152,"column":12},"end":{"line":152,"column":31}},"53":{"start":{"line":153,"column":12},"end":{"line":153,"column":43}},"54":{"start":{"line":156,"column":8},"end":{"line":160,"column":9}},"55":{"start":{"line":157,"column":12},"end":{"line":157,"column":41}},"56":{"start":{"line":158,"column":12},"end":{"line":158,"column":49}},"57":{"start":{"line":159,"column":12},"end":{"line":159,"column":41}},"58":{"start":{"line":162,"column":8},"end":{"line":162,"column":77}},"59":{"start":{"line":167,"column":0},"end":{"line":169,"column":3}},"60":{"start":{"line":168,"column":4},"end":{"line":168,"column":33}},"61":{"start":{"line":172,"column":0},"end":{"line":174,"column":3}},"62":{"start":{"line":173,"column":4},"end":{"line":173,"column":57}},"63":{"start":{"line":177,"column":0},"end":{"line":208,"column":3}},"64":{"start":{"line":178,"column":59},"end":{"line":178,"column":67}},"65":{"start":{"line":180,"column":4},"end":{"line":182,"column":5}},"66":{"start":{"line":181,"column":8},"end":{"line":181,"column":92}},"67":{"start":{"line":184,"column":4},"end":{"line":186,"column":5}},"68":{"start":{"line":185,"column":8},"end":{"line":185,"column":106}},"69":{"start":{"line":188,"column":4},"end":{"line":190,"column":5}},"70":{"start":{"line":189,"column":8},"end":{"line":189,"column":91}},"71":{"start":{"line":192,"column":19},"end":{"line":192,"column":48}},"72":{"start":{"line":194,"column":4},"end":{"line":207,"column":6}},"73":{"start":{"line":198,"column":12},"end":{"line":204,"column":13}},"74":{"start":{"line":199,"column":16},"end":{"line":199,"column":35}},"75":{"start":{"line":200,"column":16},"end":{"line":202,"column":17}},"76":{"start":{"line":201,"column":20},"end":{"line":201,"column":103}},"77":{"start":{"line":203,"column":16},"end":{"line":203,"column":58}},"78":{"start":{"line":205,"column":12},"end":{"line":205,"column":30}},"79":{"start":{"line":211,"column":0},"end":{"line":214,"column":3}},"80":{"start":{"line":212,"column":4},"end":{"line":212,"column":26}},"81":{"start":{"line":213,"column":4},"end":{"line":213,"column":22}},"82":{"start":{"line":220,"column":0},"end":{"line":222,"column":3}},"83":{"start":{"line":221,"column":4},"end":{"line":221,"column":53}},"84":{"start":{"line":224,"column":0},"end":{"line":226,"column":3}},"85":{"start":{"line":225,"column":4},"end":{"line":225,"column":52}},"86":{"start":{"line":230,"column":20},"end":{"line":230,"column":22}},"87":{"start":{"line":231,"column":4},"end":{"line":244,"column":7}},"88":{"start":{"line":232,"column":8},"end":{"line":243,"column":15}},"89":{"start":{"line":246,"column":4},"end":{"line":276,"column":17}},"90":{"start":{"line":282,"column":0},"end":{"line":294,"column":3}},"91":{"start":{"line":283,"column":4},"end":{"line":293,"column":6}},"92":{"start":{"line":287,"column":12},"end":{"line":290,"column":13}},"93":{"start":{"line":288,"column":16},"end":{"line":288,"column":35}},"94":{"start":{"line":289,"column":16},"end":{"line":289,"column":55}},"95":{"start":{"line":291,"column":12},"end":{"line":291,"column":118}},"96":{"start":{"line":296,"column":0},"end":{"line":298,"column":3}},"97":{"start":{"line":297,"column":4},"end":{"line":297,"column":57}},"98":{"start":{"line":300,"column":0},"end":{"line":315,"column":3}},"99":{"start":{"line":301,"column":18},"end":{"line":301,"column":62}},"100":{"start":{"line":303,"column":4},"end":{"line":314,"column":6}},"101":{"start":{"line":308,"column":12},"end":{"line":311,"column":13}},"102":{"start":{"line":309,"column":16},"end":{"line":309,"column":35}},"103":{"start":{"line":310,"column":16},"end":{"line":310,"column":53}},"104":{"start":{"line":312,"column":12},"end":{"line":312,"column":45}},"105":{"start":{"line":317,"column":0},"end":{"line":328,"column":3}},"106":{"start":{"line":318,"column":4},"end":{"line":327,"column":6}},"107":{"start":{"line":322,"column":12},"end":{"line":324,"column":13}},"108":{"start":{"line":323,"column":16},"end":{"line":323,"column":52}},"109":{"start":{"line":325,"column":12},"end":{"line":325,"column":40}},"110":{"start":{"line":330,"column":0},"end":{"line":352,"column":3}},"111":{"start":{"line":331,"column":4},"end":{"line":351,"column":6}},"112":{"start":{"line":335,"column":12},"end":{"line":337,"column":13}},"113":{"start":{"line":336,"column":16},"end":{"line":336,"column":56}},"114":{"start":{"line":339,"column":12},"end":{"line":349,"column":15}},"115":{"start":{"line":354,"column":0},"end":{"line":370,"column":3}},"116":{"start":{"line":355,"column":16},"end":{"line":355,"column":131}},"117":{"start":{"line":356,"column":17},"end":{"line":356,"column":160}},"118":{"start":{"line":358,"column":4},"end":{"line":361,"column":5}},"119":{"start":{"line":359,"column":8},"end":{"line":359,"column":141}},"120":{"start":{"line":360,"column":8},"end":{"line":360,"column":180}},"121":{"start":{"line":363,"column":4},"end":{"line":369,"column":7}},"122":{"start":{"line":364,"column":8},"end":{"line":367,"column":9}},"123":{"start":{"line":365,"column":12},"end":{"line":365,"column":31}},"124":{"start":{"line":366,"column":12},"end":{"line":366,"column":46}},"125":{"start":{"line":368,"column":8},"end":{"line":368,"column":41}},"126":{"start":{"line":375,"column":0},"end":{"line":387,"column":3}},"127":{"start":{"line":376,"column":4},"end":{"line":386,"column":6}},"128":{"start":{"line":380,"column":12},"end":{"line":383,"column":13}},"129":{"start":{"line":381,"column":16},"end":{"line":381,"column":35}},"130":{"start":{"line":382,"column":16},"end":{"line":382,"column":55}},"131":{"start":{"line":384,"column":12},"end":{"line":384,"column":122}},"132":{"start":{"line":389,"column":0},"end":{"line":391,"column":3}},"133":{"start":{"line":390,"column":4},"end":{"line":390,"column":58}},"134":{"start":{"line":393,"column":0},"end":{"line":408,"column":3}},"135":{"start":{"line":394,"column":18},"end":{"line":394,"column":62}},"136":{"start":{"line":396,"column":4},"end":{"line":407,"column":6}},"137":{"start":{"line":401,"column":12},"end":{"line":404,"column":13}},"138":{"start":{"line":402,"column":16},"end":{"line":402,"column":35}},"139":{"start":{"line":403,"column":16},"end":{"line":403,"column":53}},"140":{"start":{"line":405,"column":12},"end":{"line":405,"column":46}},"141":{"start":{"line":410,"column":0},"end":{"line":421,"column":3}},"142":{"start":{"line":411,"column":4},"end":{"line":420,"column":6}},"143":{"start":{"line":415,"column":12},"end":{"line":417,"column":13}},"144":{"start":{"line":416,"column":16},"end":{"line":416,"column":52}},"145":{"start":{"line":418,"column":12},"end":{"line":418,"column":40}},"146":{"start":{"line":423,"column":0},"end":{"line":445,"column":3}},"147":{"start":{"line":424,"column":4},"end":{"line":444,"column":6}},"148":{"start":{"line":428,"column":12},"end":{"line":430,"column":13}},"149":{"start":{"line":429,"column":16},"end":{"line":429,"column":57}},"150":{"start":{"line":432,"column":12},"end":{"line":442,"column":15}},"151":{"start":{"line":447,"column":0},"end":{"line":463,"column":3}},"152":{"start":{"line":448,"column":16},"end":{"line":448,"column":131}},"153":{"start":{"line":449,"column":17},"end":{"line":449,"column":160}},"154":{"start":{"line":451,"column":4},"end":{"line":454,"column":5}},"155":{"start":{"line":452,"column":8},"end":{"line":452,"column":141}},"156":{"start":{"line":453,"column":8},"end":{"line":453,"column":180}},"157":{"start":{"line":456,"column":4},"end":{"line":462,"column":7}},"158":{"start":{"line":457,"column":8},"end":{"line":460,"column":9}},"159":{"start":{"line":458,"column":12},"end":{"line":458,"column":31}},"160":{"start":{"line":459,"column":12},"end":{"line":459,"column":46}},"161":{"start":{"line":461,"column":8},"end":{"line":461,"column":42}},"162":{"start":{"line":470,"column":0},"end":{"line":475,"column":3}},"163":{"start":{"line":471,"column":4},"end":{"line":473,"column":5}},"164":{"start":{"line":472,"column":8},"end":{"line":472,"column":56}},"165":{"start":{"line":474,"column":4},"end":{"line":474,"column":34}},"166":{"start":{"line":478,"column":0},"end":{"line":493,"column":3}},"167":{"start":{"line":479,"column":38},"end":{"line":479,"column":46}},"168":{"start":{"line":482,"column":4},"end":{"line":484,"column":5}},"169":{"start":{"line":483,"column":8},"end":{"line":483,"column":53}},"170":{"start":{"line":487,"column":14},"end":{"line":487,"column":30}},"171":{"start":{"line":488,"column":4},"end":{"line":490,"column":5}},"172":{"start":{"line":489,"column":8},"end":{"line":489,"column":56}},"173":{"start":{"line":492,"column":4},"end":{"line":492,"column":30}},"174":{"start":{"line":498,"column":0},"end":{"line":502,"column":1}},"175":{"start":{"line":499,"column":4},"end":{"line":501,"column":7}},"176":{"start":{"line":500,"column":8},"end":{"line":500,"column":69}},"177":{"start":{"line":504,"column":0},"end":{"line":504,"column":21}}},"fnMap":{"0":{"name":"(anonymous_0)","decl":{"start":{"line":23,"column":49},"end":{"line":23,"column":50}},"loc":{"start":{"line":23,"column":58},"end":{"line":29,"column":1}},"line":23},"1":{"name":"(anonymous_1)","decl":{"start":{"line":32,"column":13},"end":{"line":32,"column":14}},"loc":{"start":{"line":32,"column":19},"end":{"line":58,"column":1}},"line":32},"2":{"name":"(anonymous_2)","decl":{"start":{"line":67,"column":19},"end":{"line":67,"column":20}},"loc":{"start":{"line":67,"column":33},"end":{"line":69,"column":1}},"line":67},"3":{"name":"(anonymous_3)","decl":{"start":{"line":105,"column":17},"end":{"line":105,"column":18}},"loc":{"start":{"line":105,"column":36},"end":{"line":107,"column":5}},"line":105},"4":{"name":"(anonymous_4)","decl":{"start":{"line":108,"column":14},"end":{"line":108,"column":15}},"loc":{"start":{"line":108,"column":33},"end":{"line":111,"column":5}},"line":108},"5":{"name":"(anonymous_5)","decl":{"start":{"line":117,"column":16},"end":{"line":117,"column":17}},"loc":{"start":{"line":117,"column":35},"end":{"line":123,"column":5}},"line":117},"6":{"name":"requireLogin","decl":{"start":{"line":129,"column":9},"end":{"line":129,"column":21}},"loc":{"start":{"line":129,"column":38},"end":{"line":134,"column":1}},"line":129},"7":{"name":"(anonymous_7)","decl":{"start":{"line":141,"column":13},"end":{"line":141,"column":14}},"loc":{"start":{"line":141,"column":27},"end":{"line":144,"column":1}},"line":141},"8":{"name":"(anonymous_8)","decl":{"start":{"line":147,"column":14},"end":{"line":147,"column":15}},"loc":{"start":{"line":147,"column":34},"end":{"line":164,"column":1}},"line":147},"9":{"name":"(anonymous_9)","decl":{"start":{"line":150,"column":65},"end":{"line":150,"column":66}},"loc":{"start":{"line":150,"column":80},"end":{"line":163,"column":5}},"line":150},"10":{"name":"(anonymous_10)","decl":{"start":{"line":167,"column":19},"end":{"line":167,"column":20}},"loc":{"start":{"line":167,"column":33},"end":{"line":169,"column":1}},"line":167},"11":{"name":"(anonymous_11)","decl":{"start":{"line":172,"column":26},"end":{"line":172,"column":27}},"loc":{"start":{"line":172,"column":40},"end":{"line":174,"column":1}},"line":172},"12":{"name":"(anonymous_12)","decl":{"start":{"line":177,"column":27},"end":{"line":177,"column":28}},"loc":{"start":{"line":177,"column":47},"end":{"line":208,"column":1}},"line":177},"13":{"name":"(anonymous_13)","decl":{"start":{"line":197,"column":8},"end":{"line":197,"column":9}},"loc":{"start":{"line":197,"column":22},"end":{"line":206,"column":9}},"line":197},"14":{"name":"(anonymous_14)","decl":{"start":{"line":211,"column":19},"end":{"line":211,"column":20}},"loc":{"start":{"line":211,"column":33},"end":{"line":214,"column":1}},"line":211},"15":{"name":"(anonymous_15)","decl":{"start":{"line":220,"column":31},"end":{"line":220,"column":32}},"loc":{"start":{"line":220,"column":45},"end":{"line":222,"column":1}},"line":220},"16":{"name":"(anonymous_16)","decl":{"start":{"line":224,"column":27},"end":{"line":224,"column":28}},"loc":{"start":{"line":224,"column":41},"end":{"line":226,"column":1}},"line":224},"17":{"name":"generateListHTML","decl":{"start":{"line":229,"column":9},"end":{"line":229,"column":25}},"loc":{"start":{"line":229,"column":85},"end":{"line":277,"column":1}},"line":229},"18":{"name":"(anonymous_18)","decl":{"start":{"line":231,"column":20},"end":{"line":231,"column":21}},"loc":{"start":{"line":231,"column":28},"end":{"line":244,"column":5}},"line":231},"19":{"name":"(anonymous_19)","decl":{"start":{"line":282,"column":42},"end":{"line":282,"column":43}},"loc":{"start":{"line":282,"column":56},"end":{"line":294,"column":1}},"line":282},"20":{"name":"(anonymous_20)","decl":{"start":{"line":286,"column":8},"end":{"line":286,"column":9}},"loc":{"start":{"line":286,"column":23},"end":{"line":292,"column":9}},"line":286},"21":{"name":"(anonymous_21)","decl":{"start":{"line":296,"column":40},"end":{"line":296,"column":41}},"loc":{"start":{"line":296,"column":54},"end":{"line":298,"column":1}},"line":296},"22":{"name":"(anonymous_22)","decl":{"start":{"line":300,"column":65},"end":{"line":300,"column":66}},"loc":{"start":{"line":300,"column":79},"end":{"line":315,"column":1}},"line":300},"23":{"name":"(anonymous_23)","decl":{"start":{"line":307,"column":8},"end":{"line":307,"column":9}},"loc":{"start":{"line":307,"column":17},"end":{"line":313,"column":9}},"line":307},"24":{"name":"(anonymous_24)","decl":{"start":{"line":317,"column":48},"end":{"line":317,"column":49}},"loc":{"start":{"line":317,"column":62},"end":{"line":328,"column":1}},"line":317},"25":{"name":"(anonymous_25)","decl":{"start":{"line":321,"column":8},"end":{"line":321,"column":9}},"loc":{"start":{"line":321,"column":17},"end":{"line":326,"column":9}},"line":321},"26":{"name":"(anonymous_26)","decl":{"start":{"line":330,"column":45},"end":{"line":330,"column":46}},"loc":{"start":{"line":330,"column":59},"end":{"line":352,"column":1}},"line":330},"27":{"name":"(anonymous_27)","decl":{"start":{"line":334,"column":8},"end":{"line":334,"column":9}},"loc":{"start":{"line":334,"column":23},"end":{"line":350,"column":9}},"line":334},"28":{"name":"(anonymous_28)","decl":{"start":{"line":354,"column":70},"end":{"line":354,"column":71}},"loc":{"start":{"line":354,"column":84},"end":{"line":370,"column":1}},"line":354},"29":{"name":"(anonymous_29)","decl":{"start":{"line":363,"column":26},"end":{"line":363,"column":27}},"loc":{"start":{"line":363,"column":35},"end":{"line":369,"column":5}},"line":363},"30":{"name":"(anonymous_30)","decl":{"start":{"line":375,"column":43},"end":{"line":375,"column":44}},"loc":{"start":{"line":375,"column":57},"end":{"line":387,"column":1}},"line":375},"31":{"name":"(anonymous_31)","decl":{"start":{"line":379,"column":8},"end":{"line":379,"column":9}},"loc":{"start":{"line":379,"column":23},"end":{"line":385,"column":9}},"line":379},"32":{"name":"(anonymous_32)","decl":{"start":{"line":389,"column":41},"end":{"line":389,"column":42}},"loc":{"start":{"line":389,"column":55},"end":{"line":391,"column":1}},"line":389},"33":{"name":"(anonymous_33)","decl":{"start":{"line":393,"column":66},"end":{"line":393,"column":67}},"loc":{"start":{"line":393,"column":80},"end":{"line":408,"column":1}},"line":393},"34":{"name":"(anonymous_34)","decl":{"start":{"line":400,"column":8},"end":{"line":400,"column":9}},"loc":{"start":{"line":400,"column":17},"end":{"line":406,"column":9}},"line":400},"35":{"name":"(anonymous_35)","decl":{"start":{"line":410,"column":49},"end":{"line":410,"column":50}},"loc":{"start":{"line":410,"column":63},"end":{"line":421,"column":1}},"line":410},"36":{"name":"(anonymous_36)","decl":{"start":{"line":414,"column":8},"end":{"line":414,"column":9}},"loc":{"start":{"line":414,"column":17},"end":{"line":419,"column":9}},"line":414},"37":{"name":"(anonymous_37)","decl":{"start":{"line":423,"column":46},"end":{"line":423,"column":47}},"loc":{"start":{"line":423,"column":60},"end":{"line":445,"column":1}},"line":423},"38":{"name":"(anonymous_38)","decl":{"start":{"line":427,"column":8},"end":{"line":427,"column":9}},"loc":{"start":{"line":427,"column":23},"end":{"line":443,"column":9}},"line":427},"39":{"name":"(anonymous_39)","decl":{"start":{"line":447,"column":71},"end":{"line":447,"column":72}},"loc":{"start":{"line":447,"column":85},"end":{"line":463,"column":1}},"line":447},"40":{"name":"(anonymous_40)","decl":{"start":{"line":456,"column":26},"end":{"line":456,"column":27}},"loc":{"start":{"line":456,"column":35},"end":{"line":462,"column":5}},"line":456},"41":{"name":"(anonymous_41)","decl":{"start":{"line":470,"column":43},"end":{"line":470,"column":44}},"loc":{"start":{"line":470,"column":57},"end":{"line":475,"column":1}},"line":470},"42":{"name":"(anonymous_42)","decl":{"start":{"line":478,"column":21},"end":{"line":478,"column":22}},"loc":{"start":{"line":478,"column":35},"end":{"line":493,"column":1}},"line":478},"43":{"name":"(anonymous_43)","decl":{"start":{"line":499,"column":21},"end":{"line":499,"column":22}},"loc":{"start":{"line":499,"column":27},"end":{"line":501,"column":5}},"line":499}},"branchMap":{"0":{"loc":{"start":{"line":18,"column":13},"end":{"line":18,"column":37}},"type":"binary-expr","locations":[{"start":{"line":18,"column":13},"end":{"line":18,"column":29}},{"start":{"line":18,"column":33},"end":{"line":18,"column":37}}],"line":18},"1":{"loc":{"start":{"line":24,"column":4},"end":{"line":28,"column":5}},"type":"if","locations":[{"start":{"line":24,"column":4},"end":{"line":28,"column":5}},{"start":{"line":26,"column":11},"end":{"line":28,"column":5}}],"line":24},"2":{"loc":{"start":{"line":100,"column":0},"end":{"line":102,"column":1}},"type":"if","locations":[{"start":{"line":100,"column":0},"end":{"line":102,"column":1}},{"start":{},"end":{}}],"line":100},"3":{"loc":{"start":{"line":119,"column":8},"end":{"line":121,"column":9}},"type":"if","locations":[{"start":{"line":119,"column":8},"end":{"line":121,"column":9}},{"start":{},"end":{}}],"line":119},"4":{"loc":{"start":{"line":130,"column":4},"end":{"line":132,"column":5}},"type":"if","locations":[{"start":{"line":130,"column":4},"end":{"line":132,"column":5}},{"start":{},"end":{}}],"line":130},"5":{"loc":{"start":{"line":130,"column":8},"end":{"line":130,"column":43}},"type":"binary-expr","locations":[{"start":{"line":130,"column":8},"end":{"line":130,"column":20}},{"start":{"line":130,"column":24},"end":{"line":130,"column":43}}],"line":130},"6":{"loc":{"start":{"line":142,"column":4},"end":{"line":142,"column":72}},"type":"if","locations":[{"start":{"line":142,"column":4},"end":{"line":142,"column":72}},{"start":{},"end":{}}],"line":142},"7":{"loc":{"start":{"line":142,"column":8},"end":{"line":142,"column":41}},"type":"binary-expr","locations":[{"start":{"line":142,"column":8},"end":{"line":142,"column":19}},{"start":{"line":142,"column":23},"end":{"line":142,"column":41}}],"line":142},"8":{"loc":{"start":{"line":151,"column":8},"end":{"line":154,"column":9}},"type":"if","locations":[{"start":{"line":151,"column":8},"end":{"line":154,"column":9}},{"start":{},"end":{}}],"line":151},"9":{"loc":{"start":{"line":156,"column":8},"end":{"line":160,"column":9}},"type":"if","locations":[{"start":{"line":156,"column":8},"end":{"line":160,"column":9}},{"start":{},"end":{}}],"line":156},"10":{"loc":{"start":{"line":156,"column":12},"end":{"line":156,"column":63}},"type":"binary-expr","locations":[{"start":{"line":156,"column":12},"end":{"line":156,"column":16}},{"start":{"line":156,"column":20},"end":{"line":156,"column":63}}],"line":156},"11":{"loc":{"start":{"line":180,"column":4},"end":{"line":182,"column":5}},"type":"if","locations":[{"start":{"line":180,"column":4},"end":{"line":182,"column":5}},{"start":{},"end":{}}],"line":180},"12":{"loc":{"start":{"line":180,"column":8},"end":{"line":180,"column":60}},"type":"binary-expr","locations":[{"start":{"line":180,"column":8},"end":{"line":180,"column":17}},{"start":{"line":180,"column":21},"end":{"line":180,"column":27}},{"start":{"line":180,"column":31},"end":{"line":180,"column":40}},{"start":{"line":180,"column":44},"end":{"line":180,"column":60}}],"line":180},"13":{"loc":{"start":{"line":184,"column":4},"end":{"line":186,"column":5}},"type":"if","locations":[{"start":{"line":184,"column":4},"end":{"line":186,"column":5}},{"start":{},"end":{}}],"line":184},"14":{"loc":{"start":{"line":188,"column":4},"end":{"line":190,"column":5}},"type":"if","locations":[{"start":{"line":188,"column":4},"end":{"line":190,"column":5}},{"start":{},"end":{}}],"line":188},"15":{"loc":{"start":{"line":198,"column":12},"end":{"line":204,"column":13}},"type":"if","locations":[{"start":{"line":198,"column":12},"end":{"line":204,"column":13}},{"start":{},"end":{}}],"line":198},"16":{"loc":{"start":{"line":200,"column":16},"end":{"line":202,"column":17}},"type":"if","locations":[{"start":{"line":200,"column":16},"end":{"line":202,"column":17}},{"start":{},"end":{}}],"line":200},"17":{"loc":{"start":{"line":252,"column":44},"end":{"line":252,"column":101}},"type":"cond-expr","locations":[{"start":{"line":252,"column":65},"end":{"line":252,"column":81}},{"start":{"line":252,"column":84},"end":{"line":252,"column":101}}],"line":252},"18":{"loc":{"start":{"line":287,"column":12},"end":{"line":290,"column":13}},"type":"if","locations":[{"start":{"line":287,"column":12},"end":{"line":290,"column":13}},{"start":{},"end":{}}],"line":287},"19":{"loc":{"start":{"line":301,"column":18},"end":{"line":301,"column":62}},"type":"cond-expr","locations":[{"start":{"line":301,"column":29},"end":{"line":301,"column":46}},{"start":{"line":301,"column":49},"end":{"line":301,"column":62}}],"line":301},"20":{"loc":{"start":{"line":308,"column":12},"end":{"line":311,"column":13}},"type":"if","locations":[{"start":{"line":308,"column":12},"end":{"line":311,"column":13}},{"start":{},"end":{}}],"line":308},"21":{"loc":{"start":{"line":322,"column":12},"end":{"line":324,"column":13}},"type":"if","locations":[{"start":{"line":322,"column":12},"end":{"line":324,"column":13}},{"start":{},"end":{}}],"line":322},"22":{"loc":{"start":{"line":335,"column":12},"end":{"line":337,"column":13}},"type":"if","locations":[{"start":{"line":335,"column":12},"end":{"line":337,"column":13}},{"start":{},"end":{}}],"line":335},"23":{"loc":{"start":{"line":335,"column":16},"end":{"line":335,"column":28}},"type":"binary-expr","locations":[{"start":{"line":335,"column":16},"end":{"line":335,"column":19}},{"start":{"line":335,"column":23},"end":{"line":335,"column":28}}],"line":335},"24":{"loc":{"start":{"line":358,"column":4},"end":{"line":361,"column":5}},"type":"if","locations":[{"start":{"line":358,"column":4},"end":{"line":361,"column":5}},{"start":{},"end":{}}],"line":358},"25":{"loc":{"start":{"line":364,"column":8},"end":{"line":367,"column":9}},"type":"if","locations":[{"start":{"line":364,"column":8},"end":{"line":367,"column":9}},{"start":{},"end":{}}],"line":364},"26":{"loc":{"start":{"line":380,"column":12},"end":{"line":383,"column":13}},"type":"if","locations":[{"start":{"line":380,"column":12},"end":{"line":383,"column":13}},{"start":{},"end":{}}],"line":380},"27":{"loc":{"start":{"line":394,"column":18},"end":{"line":394,"column":62}},"type":"cond-expr","locations":[{"start":{"line":394,"column":29},"end":{"line":394,"column":46}},{"start":{"line":394,"column":49},"end":{"line":394,"column":62}}],"line":394},"28":{"loc":{"start":{"line":401,"column":12},"end":{"line":404,"column":13}},"type":"if","locations":[{"start":{"line":401,"column":12},"end":{"line":404,"column":13}},{"start":{},"end":{}}],"line":401},"29":{"loc":{"start":{"line":415,"column":12},"end":{"line":417,"column":13}},"type":"if","locations":[{"start":{"line":415,"column":12},"end":{"line":417,"column":13}},{"start":{},"end":{}}],"line":415},"30":{"loc":{"start":{"line":428,"column":12},"end":{"line":430,"column":13}},"type":"if","locations":[{"start":{"line":428,"column":12},"end":{"line":430,"column":13}},{"start":{},"end":{}}],"line":428},"31":{"loc":{"start":{"line":428,"column":16},"end":{"line":428,"column":28}},"type":"binary-expr","locations":[{"start":{"line":428,"column":16},"end":{"line":428,"column":19}},{"start":{"line":428,"column":23},"end":{"line":428,"column":28}}],"line":428},"32":{"loc":{"start":{"line":451,"column":4},"end":{"line":454,"column":5}},"type":"if","locations":[{"start":{"line":451,"column":4},"end":{"line":454,"column":5}},{"start":{},"end":{}}],"line":451},"33":{"loc":{"start":{"line":457,"column":8},"end":{"line":460,"column":9}},"type":"if","locations":[{"start":{"line":457,"column":8},"end":{"line":460,"column":9}},{"start":{},"end":{}}],"line":457},"34":{"loc":{"start":{"line":471,"column":4},"end":{"line":473,"column":5}},"type":"if","locations":[{"start":{"line":471,"column":4},"end":{"line":473,"column":5}},{"start":{},"end":{}}],"line":471},"35":{"loc":{"start":{"line":482,"column":4},"end":{"line":484,"column":5}},"type":"if","locations":[{"start":{"line":482,"column":4},"end":{"line":484,"column":5}},{"start":{},"end":{}}],"line":482},"36":{"loc":{"start":{"line":482,"column":8},"end":{"line":482,"column":55}},"type":"binary-expr","locations":[{"start":{"line":482,"column":8},"end":{"line":482,"column":19}},{"start":{"line":482,"column":23},"end":{"line":482,"column":55}}],"line":482},"37":{"loc":{"start":{"line":488,"column":4},"end":{"line":490,"column":5}},"type":"if","locations":[{"start":{"line":488,"column":4},"end":{"line":490,"column":5}},{"start":{},"end":{}}],"line":488},"38":{"loc":{"start":{"line":488,"column":8},"end":{"line":488,"column":34}},"type":"binary-expr","locations":[{"start":{"line":488,"column":8},"end":{"line":488,"column":16}},{"start":{"line":488,"column":20},"end":{"line":488,"column":25}},{"start":{"line":488,"column":29},"end":{"line":488,"column":34}}],"line":488},"39":{"loc":{"start":{"line":498,"column":0},"end":{"line":502,"column":1}},"type":"if","locations":[{"start":{"line":498,"column":0},"end":{"line":502,"column":1}},{"start":{},"end":{}}],"line":498}},"s":{"0":1,"1":1,"2":1,"3":1,"4":1,"5":1,"6":1,"7":1,"8":1,"9":1,"10":1,"11":1,"12":0,"13":1,"14":1,"15":1,"16":1,"17":1,"18":1,"19":1,"20":1,"21":1,"22":0,"23":1,"24":1,"25":1,"26":1,"27":1,"28":1,"29":1,"30":1,"31":0,"32":1,"33":1,"34":1,"35":1,"36":1,"37":2,"38":2,"39":1,"40":1,"41":3,"42":3,"43":0,"44":1,"45":1,"46":0,"47":1,"48":1,"49":1,"50":1,"51":1,"52":0,"53":0,"54":1,"55":0,"56":0,"57":0,"58":1,"59":1,"60":2,"61":1,"62":1,"63":1,"64":6,"65":6,"66":1,"67":5,"68":2,"69":3,"70":1,"71":2,"72":2,"73":2,"74":2,"75":2,"76":2,"77":0,"78":0,"79":1,"80":1,"81":1,"82":1,"83":0,"84":1,"85":0,"86":0,"87":0,"88":0,"89":0,"90":1,"91":0,"92":0,"93":0,"94":0,"95":0,"96":1,"97":0,"98":1,"99":0,"100":0,"101":0,"102":0,"103":0,"104":0,"105":1,"106":0,"107":0,"108":0,"109":0,"110":1,"111":0,"112":0,"113":0,"114":0,"115":1,"116":0,"117":0,"118":0,"119":0,"120":0,"121":0,"122":0,"123":0,"124":0,"125":0,"126":1,"127":0,"128":0,"129":0,"130":0,"131":0,"132":1,"133":0,"134":1,"135":0,"136":0,"137":0,"138":0,"139":0,"140":0,"141":1,"142":0,"143":0,"144":0,"145":0,"146":1,"147":0,"148":0,"149":0,"150":0,"151":1,"152":0,"153":0,"154":0,"155":0,"156":0,"157":0,"158":0,"159":0,"160":0,"161":0,"162":1,"163":2,"164":1,"165":1,"166":1,"167":2,"168":2,"169":1,"170":1,"171":1,"172":1,"173":0,"174":1,"175":0,"176":0,"177":1},"f":{"0":1,"1":1,"2":0,"3":1,"4":1,"5":2,"6":3,"7":1,"8":1,"9":1,"10":2,"11":1,"12":6,"13":2,"14":1,"15":0,"16":0,"17":0,"18":0,"19":0,"20":0,"21":0,"22":0,"23":0,"24":0,"25":0,"26":0,"27":0,"28":0,"29":0,"30":0,"31":0,"32":0,"33":0,"34":0,"35":0,"36":0,"37":0,"38":0,"39":0,"40":0,"41":2,"42":2,"43":0},"b":{"0":[1,1],"1":[0,1],"2":[0,1],"3":[1,1],"4":[3,0],"5":[3,3],"6":[0,1],"7":[1,1],"8":[0,1],"9":[0,1],"10":[1,0],"11":[1,5],"12":[6,5,5,5],"13":[2,3],"14":[1,2],"15":[2,0],"16":[2,0],"17":[0,0],"18":[0,0],"19":[0,0],"20":[0,0],"21":[0,0],"22":[0,0],"23":[0,0],"24":[0,0],"25":[0,0],"26":[0,0],"27":[0,0],"28":[0,0],"29":[0,0],"30":[0,0],"31":[0,0],"32":[0,0],"33":[0,0],"34":[1,1],"35":[1,1],"36":[2,2],"37":[1,0],"38":[1,1,1],"39":[0,1]},"_coverageSchema":"1a1c01bbd47fc00a2c39e90264f33305004495a9","hash":"5740044f76e4158c6739b36bfea1bf0e57677fc7"}
}
