TN:
SF:app.js
FN:32,(anonymous_0)
FN:47,(anonymous_1)
FN:48,(anonymous_2)
FN:70,(anonymous_3)
FN:119,(anonymous_4)
FN:133,deepCopy
FN:138,(anonymous_6)
FN:143,getUser
FN:157,(anonymous_8)
FN:166,getCurrentUser
FN:173,saveUser
FN:181,requireLogin
FN:192,(anonymous_12)
FN:196,(anonymous_13)
FN:201,(anonymous_14)
FN:206,(anonymous_15)
FN:212,(anonymous_16)
FN:224,(anonymous_17)
FN:237,(anonymous_18)
FN:244,(anonymous_19)
FN:252,(anonymous_20)
FN:261,(anonymous_21)
FN:262,(anonymous_22)
FN:271,(anonymous_23)
FN:404,(anonymous_24)
FN:535,(anonymous_25)
FN:539,(anonymous_26)
FN:546,(anonymous_27)
FN:565,(anonymous_28)
FN:584,(anonymous_29)
FN:604,(anonymous_30)
FN:615,(anonymous_31)
FN:635,(anonymous_32)
FN:648,(anonymous_33)
FN:712,(anonymous_34)
FN:777,(anonymous_35)
FN:803,(anonymous_36)
FN:830,(anonymous_37)
FNF:38
FNH:20
FNDA:2,(anonymous_0)
FNDA:3,(anonymous_1)
FNDA:3,(anonymous_2)
FNDA:2,(anonymous_3)
FNDA:3,(anonymous_4)
FNDA:0,deepCopy
FNDA:3,(anonymous_6)
FNDA:1,getUser
FNDA:3,(anonymous_8)
FNDA:2,getCurrentUser
FNDA:0,saveUser
FNDA:1,requireLogin
FNDA:0,(anonymous_12)
FNDA:0,(anonymous_13)
FNDA:1,(anonymous_14)
FNDA:1,(anonymous_15)
FNDA:6,(anonymous_16)
FNDA:4,(anonymous_17)
FNDA:1,(anonymous_18)
FNDA:3,(anonymous_19)
FNDA:0,(anonymous_20)
FNDA:1,(anonymous_21)
FNDA:1,(anonymous_22)
FNDA:1,(anonymous_23)
FNDA:0,(anonymous_24)
FNDA:0,(anonymous_25)
FNDA:0,(anonymous_26)
FNDA:0,(anonymous_27)
FNDA:0,(anonymous_28)
FNDA:1,(anonymous_29)
FNDA:0,(anonymous_30)
FNDA:0,(anonymous_31)
FNDA:0,(anonymous_32)
FNDA:0,(anonymous_33)
FNDA:0,(anonymous_34)
FNDA:0,(anonymous_35)
FNDA:0,(anonymous_36)
FNDA:0,(anonymous_37)
DA:1,1
DA:2,1
DA:3,1
DA:4,1
DA:5,1
DA:6,1
DA:7,1
DA:8,1
DA:9,1
DA:10,1
DA:11,1
DA:12,1
DA:14,1
DA:16,1
DA:18,1
DA:19,1
DA:21,1
DA:24,1
DA:25,1
DA:26,0
DA:30,1
DA:32,1
DA:33,2
DA:34,2
DA:35,1
DA:37,1
DA:45,1
DA:47,1
DA:48,3
DA:49,3
DA:50,0
DA:54,3
DA:55,1
DA:59,2
DA:60,1
DA:63,1
DA:67,1
DA:70,1
DA:71,2
DA:74,2
DA:75,0
DA:79,2
DA:80,2
DA:81,1
DA:85,1
DA:88,1
DA:94,1
DA:103,1
DA:104,1
DA:107,1
DA:110,1
DA:111,1
DA:112,0
DA:114,1
DA:115,0
DA:118,1
DA:119,1
DA:120,3
DA:121,3
DA:122,3
DA:123,3
DA:124,3
DA:126,0
DA:134,0
DA:138,1
DA:139,3
DA:140,3
DA:145,1
DA:146,1
DA:147,1
DA:148,0
DA:149,0
DA:150,0
DA:153,0
DA:157,3
DA:158,1
DA:160,0
DA:161,0
DA:163,1
DA:167,2
DA:168,0
DA:170,2
DA:174,0
DA:175,0
DA:177,0
DA:182,1
DA:184,1
DA:186,0
DA:189,1
DA:190,1
DA:192,1
DA:193,0
DA:196,1
DA:197,0
DA:201,1
DA:202,1
DA:203,1
DA:206,1
DA:207,1
DA:208,1
DA:212,1
DA:213,6
DA:215,6
DA:216,1
DA:218,5
DA:219,2
DA:221,3
DA:222,1
DA:224,4
DA:225,2
DA:226,2
DA:228,0
DA:229,0
DA:230,0
DA:232,0
DA:233,0
DA:237,1
DA:238,1
DA:239,1
DA:242,1
DA:243,1
DA:244,3
DA:247,1
DA:248,0
DA:249,0
DA:250,0
DA:252,0
DA:253,0
DA:254,0
DA:255,0
DA:257,0
DA:261,1
DA:262,1
DA:263,1
DA:264,0
DA:266,1
DA:267,1
DA:271,1
DA:272,1
DA:273,1
DA:274,0
DA:275,0
DA:276,0
DA:277,0
DA:297,0
DA:404,1
DA:405,0
DA:406,0
DA:407,0
DA:408,0
DA:409,0
DA:410,0
DA:428,0
DA:535,1
DA:536,0
DA:539,1
DA:540,0
DA:544,1
DA:546,1
DA:547,0
DA:548,0
DA:549,0
DA:550,0
DA:551,0
DA:560,0
DA:561,0
DA:562,0
DA:565,1
DA:566,0
DA:567,0
DA:568,0
DA:569,0
DA:570,0
DA:579,0
DA:580,0
DA:581,0
DA:584,1
DA:585,1
DA:586,1
DA:587,1
DA:588,1
DA:589,1
DA:590,1
DA:593,0
DA:594,0
DA:595,0
DA:596,0
DA:598,0
DA:599,0
DA:600,0
DA:602,0
DA:603,0
DA:604,0
DA:605,0
DA:606,0
DA:607,0
DA:608,0
DA:610,0
DA:611,0
DA:615,1
DA:616,0
DA:617,0
DA:618,0
DA:619,0
DA:620,0
DA:621,0
DA:624,0
DA:625,0
DA:626,0
DA:627,0
DA:629,0
DA:630,0
DA:631,0
DA:633,0
DA:634,0
DA:635,0
DA:636,0
DA:637,0
DA:638,0
DA:639,0
DA:641,0
DA:642,0
DA:648,1
DA:649,0
DA:650,0
DA:651,0
DA:653,0
DA:654,0
DA:655,0
DA:656,0
DA:657,0
DA:658,0
DA:659,0
DA:660,0
DA:664,0
DA:665,0
DA:668,0
DA:712,1
DA:713,0
DA:714,0
DA:715,0
DA:717,0
DA:718,0
DA:719,0
DA:720,0
DA:721,0
DA:722,0
DA:723,0
DA:724,0
DA:728,0
DA:729,0
DA:732,0
DA:777,1
DA:778,0
DA:779,0
DA:780,0
DA:782,0
DA:783,0
DA:784,0
DA:785,0
DA:786,0
DA:787,0
DA:788,0
DA:789,0
DA:790,0
DA:791,0
DA:792,0
DA:793,0
DA:795,0
DA:798,0
DA:799,0
DA:800,0
DA:803,1
DA:804,0
DA:805,0
DA:806,0
DA:808,0
DA:809,0
DA:810,0
DA:811,0
DA:812,0
DA:813,0
DA:814,0
DA:815,0
DA:816,0
DA:817,0
DA:818,0
DA:819,0
DA:821,0
DA:824,0
DA:825,0
DA:826,0
DA:829,1
DA:830,0
DA:831,0
DA:835,1
LF:296
LH:126
BRDA:5,0,0,1
BRDA:5,0,1,1
BRDA:25,1,0,0
BRDA:25,1,1,1
BRDA:34,2,0,1
BRDA:34,2,1,1
BRDA:49,3,0,0
BRDA:49,3,1,3
BRDA:54,4,0,1
BRDA:54,4,1,2
BRDA:54,5,0,3
BRDA:54,5,1,2
BRDA:59,6,0,1
BRDA:59,6,1,1
BRDA:74,7,0,0
BRDA:74,7,1,2
BRDA:74,8,0,2
BRDA:74,8,1,2
BRDA:74,8,2,2
BRDA:74,8,3,2
BRDA:80,9,0,1
BRDA:80,9,1,1
BRDA:111,10,0,0
BRDA:111,10,1,1
BRDA:114,11,0,0
BRDA:114,11,1,1
BRDA:120,12,0,3
BRDA:120,12,1,0
BRDA:124,13,0,3
BRDA:124,13,1,0
BRDA:139,14,0,0
BRDA:139,14,1,3
BRDA:140,15,0,0
BRDA:140,15,1,3
BRDA:147,16,0,0
BRDA:147,16,1,1
BRDA:150,17,0,0
BRDA:150,17,1,0
BRDA:158,18,0,0
BRDA:158,18,1,1
BRDA:167,19,0,0
BRDA:167,19,1,2
BRDA:167,20,0,2
BRDA:167,20,1,2
BRDA:182,21,0,1
BRDA:182,21,1,0
BRDA:182,22,0,1
BRDA:182,22,1,1
BRDA:202,23,0,0
BRDA:202,23,1,1
BRDA:202,24,0,1
BRDA:202,24,1,1
BRDA:207,25,0,0
BRDA:207,25,1,1
BRDA:207,26,0,1
BRDA:207,26,1,1
BRDA:215,27,0,1
BRDA:215,27,1,5
BRDA:215,28,0,6
BRDA:215,28,1,5
BRDA:215,28,2,5
BRDA:215,28,3,5
BRDA:218,29,0,2
BRDA:218,29,1,3
BRDA:221,30,0,1
BRDA:221,30,1,2
BRDA:225,31,0,2
BRDA:225,31,1,0
BRDA:239,32,0,0
BRDA:239,32,1,1
BRDA:239,33,0,1
BRDA:239,33,1,1
BRDA:243,34,0,1
BRDA:243,34,1,0
BRDA:247,35,0,1
BRDA:247,35,1,0
BRDA:249,36,0,0
BRDA:249,36,1,0
BRDA:253,37,0,0
BRDA:253,37,1,0
BRDA:263,38,0,0
BRDA:263,38,1,1
BRDA:273,39,0,1
BRDA:273,39,1,0
BRDA:274,40,0,0
BRDA:274,40,1,0
BRDA:406,41,0,0
BRDA:406,41,1,0
BRDA:407,42,0,0
BRDA:407,42,1,0
BRDA:548,43,0,0
BRDA:548,43,1,0
BRDA:549,44,0,0
BRDA:549,44,1,0
BRDA:556,45,0,0
BRDA:556,45,1,0
BRDA:557,46,0,0
BRDA:557,46,1,0
BRDA:558,47,0,0
BRDA:558,47,1,0
BRDA:567,48,0,0
BRDA:567,48,1,0
BRDA:568,49,0,0
BRDA:568,49,1,0
BRDA:575,50,0,0
BRDA:575,50,1,0
BRDA:576,51,0,0
BRDA:576,51,1,0
BRDA:577,52,0,0
BRDA:577,52,1,0
BRDA:587,53,0,0
BRDA:587,53,1,1
BRDA:588,54,0,1
BRDA:588,54,1,0
BRDA:594,55,0,0
BRDA:594,55,1,0
BRDA:598,56,0,0
BRDA:598,56,1,0
BRDA:618,57,0,0
BRDA:618,57,1,0
BRDA:619,58,0,0
BRDA:619,58,1,0
BRDA:625,59,0,0
BRDA:625,59,1,0
BRDA:629,60,0,0
BRDA:629,60,1,0
BRDA:651,61,0,0
BRDA:651,61,1,0
BRDA:654,62,0,0
BRDA:654,62,1,0
BRDA:656,63,0,0
BRDA:656,63,1,0
BRDA:658,64,0,0
BRDA:658,64,1,0
BRDA:664,65,0,0
BRDA:664,65,1,0
BRDA:694,66,0,0
BRDA:694,66,1,0
BRDA:695,67,0,0
BRDA:695,67,1,0
BRDA:696,68,0,0
BRDA:696,68,1,0
BRDA:715,69,0,0
BRDA:715,69,1,0
BRDA:718,70,0,0
BRDA:718,70,1,0
BRDA:720,71,0,0
BRDA:720,71,1,0
BRDA:722,72,0,0
BRDA:722,72,1,0
BRDA:728,73,0,0
BRDA:728,73,1,0
BRDA:758,74,0,0
BRDA:758,74,1,0
BRDA:759,75,0,0
BRDA:759,75,1,0
BRDA:760,76,0,0
BRDA:760,76,1,0
BRDA:780,77,0,0
BRDA:780,77,1,0
BRDA:783,78,0,0
BRDA:783,78,1,0
BRDA:784,79,0,0
BRDA:784,79,1,0
BRDA:786,80,0,0
BRDA:786,80,1,0
BRDA:790,81,0,0
BRDA:790,81,1,0
BRDA:791,82,0,0
BRDA:791,82,1,0
BRDA:792,83,0,0
BRDA:792,83,1,0
BRDA:806,84,0,0
BRDA:806,84,1,0
BRDA:809,85,0,0
BRDA:809,85,1,0
BRDA:810,86,0,0
BRDA:810,86,1,0
BRDA:812,87,0,0
BRDA:812,87,1,0
BRDA:816,88,0,0
BRDA:816,88,1,0
BRDA:817,89,0,0
BRDA:817,89,1,0
BRDA:818,90,0,0
BRDA:818,90,1,0
BRDA:829,91,0,0
BRDA:829,91,1,1
BRF:188
BRH:60
end_of_record
