TN:
SF:app.js
FN:39,(anonymous_0)
FN:41,(anonymous_1)
FN:50,(anonymous_2)
FN:59,(anonymous_3)
FN:64,(anonymous_4)
FN:83,(anonymous_5)
FN:86,(anonymous_6)
FN:96,(anonymous_7)
FN:137,ensureDir
FN:148,getNextId
FN:150,(anonymous_10)
FN:162,(anonymous_11)
FN:178,(anonymous_12)
FN:188,getUser
FN:200,(anonymous_14)
FN:214,getCurrentUser
FN:225,saveUser
FN:236,requireLogin
FN:242,(anonymous_18)
FN:249,(anonymous_19)
FN:254,(anonymous_20)
FN:262,(anonymous_21)
FN:268,(anonymous_22)
FN:280,(anonymous_23)
FN:296,(anonymous_24)
FN:303,(anonymous_25)
FN:311,(anonymous_26)
FN:323,(anonymous_27)
FN:324,(anonymous_28)
FN:330,(anonymous_29)
FN:332,(anonymous_30)
FN:352,(anonymous_31)
FN:368,(anonymous_32)
FN:497,(anonymous_33)
FN:624,(anonymous_34)
FN:636,addUserLayout
FN:654,(anonymous_36)
FN:664,(anonymous_37)
FN:668,(anonymous_38)
FN:678,(anonymous_39)
FN:693,(anonymous_40)
FN:705,(anonymous_41)
FN:720,(anonymous_42)
FN:733,(anonymous_43)
FN:806,editUserLayout
FN:826,(anonymous_45)
FN:839,(anonymous_46)
FN:903,(anonymous_47)
FN:916,(anonymous_48)
FN:924,(anonymous_49)
FNF:50
FNH:25
FNDA:20,(anonymous_0)
FNDA:20,(anonymous_1)
FNDA:0,(anonymous_2)
FNDA:0,(anonymous_3)
FNDA:0,(anonymous_4)
FNDA:1,(anonymous_5)
FNDA:1,(anonymous_6)
FNDA:2,(anonymous_7)
FNDA:3,ensureDir
FNDA:0,getNextId
FNDA:0,(anonymous_10)
FNDA:4,(anonymous_11)
FNDA:4,(anonymous_12)
FNDA:1,getUser
FNDA:4,(anonymous_14)
FNDA:2,getCurrentUser
FNDA:0,saveUser
FNDA:1,requireLogin
FNDA:0,(anonymous_18)
FNDA:0,(anonymous_19)
FNDA:1,(anonymous_20)
FNDA:1,(anonymous_21)
FNDA:6,(anonymous_22)
FNDA:6,(anonymous_23)
FNDA:1,(anonymous_24)
FNDA:4,(anonymous_25)
FNDA:0,(anonymous_26)
FNDA:1,(anonymous_27)
FNDA:1,(anonymous_28)
FNDA:3,(anonymous_29)
FNDA:3,(anonymous_30)
FNDA:2,(anonymous_31)
FNDA:1,(anonymous_32)
FNDA:0,(anonymous_33)
FNDA:0,(anonymous_34)
FNDA:0,addUserLayout
FNDA:0,(anonymous_36)
FNDA:0,(anonymous_37)
FNDA:0,(anonymous_38)
FNDA:1,(anonymous_39)
FNDA:0,(anonymous_40)
FNDA:0,(anonymous_41)
FNDA:0,(anonymous_42)
FNDA:0,(anonymous_43)
FNDA:0,editUserLayout
FNDA:0,(anonymous_45)
FNDA:0,(anonymous_46)
FNDA:0,(anonymous_47)
FNDA:0,(anonymous_48)
FNDA:0,(anonymous_49)
DA:6,1
DA:7,1
DA:8,1
DA:9,1
DA:10,1
DA:11,1
DA:12,1
DA:16,1
DA:17,1
DA:21,1
DA:22,1
DA:23,1
DA:25,1
DA:32,1
DA:39,1
DA:40,20
DA:41,20
DA:42,20
DA:43,20
DA:44,20
DA:45,20
DA:47,20
DA:50,1
DA:51,0
DA:52,0
DA:59,1
DA:60,0
DA:64,1
DA:65,0
DA:73,1
DA:74,1
DA:78,1
DA:79,1
DA:82,1
DA:84,1
DA:88,1
DA:89,1
DA:93,1
DA:98,2
DA:99,2
DA:100,1
DA:102,1
DA:110,1
DA:127,1
DA:128,1
DA:131,1
DA:138,3
DA:139,0
DA:149,0
DA:150,0
DA:157,1
DA:158,1
DA:159,1
DA:161,1
DA:162,1
DA:163,4
DA:164,4
DA:165,4
DA:166,4
DA:167,4
DA:169,0
DA:178,1
DA:179,4
DA:180,4
DA:189,1
DA:190,1
DA:191,1
DA:192,0
DA:193,0
DA:194,0
DA:197,0
DA:200,4
DA:201,1
DA:203,0
DA:204,0
DA:206,1
DA:215,2
DA:216,0
DA:218,2
DA:226,0
DA:227,0
DA:229,0
DA:237,1
DA:238,1
DA:240,0
DA:242,1
DA:243,0
DA:249,1
DA:250,0
DA:254,1
DA:255,1
DA:256,1
DA:262,1
DA:263,1
DA:264,1
DA:268,1
DA:269,6
DA:271,6
DA:272,1
DA:274,5
DA:275,2
DA:277,3
DA:278,1
DA:280,6
DA:281,2
DA:282,2
DA:284,0
DA:285,0
DA:286,0
DA:288,0
DA:289,0
DA:296,1
DA:297,1
DA:298,1
DA:301,1
DA:302,1
DA:303,4
DA:306,1
DA:307,0
DA:308,0
DA:309,0
DA:311,0
DA:312,0
DA:313,0
DA:314,0
DA:316,0
DA:323,1
DA:324,1
DA:325,1
DA:326,1
DA:330,1
DA:331,3
DA:332,3
DA:333,3
DA:335,2
DA:336,1
DA:339,1
DA:341,1
DA:342,1
DA:344,0
DA:345,0
DA:347,1
DA:352,1
DA:353,2
DA:355,2
DA:356,1
DA:359,1
DA:360,1
DA:362,0
DA:368,1
DA:369,1
DA:370,1
DA:371,0
DA:372,0
DA:373,0
DA:374,0
DA:394,0
DA:497,1
DA:498,0
DA:499,0
DA:500,0
DA:501,0
DA:502,0
DA:503,0
DA:521,0
DA:624,1
DA:625,0
DA:637,0
DA:638,0
DA:639,0
DA:640,0
DA:649,0
DA:650,0
DA:654,1
DA:655,0
DA:656,0
DA:657,0
DA:658,0
DA:664,1
DA:665,0
DA:668,1
DA:669,0
DA:670,0
DA:671,0
DA:672,0
DA:678,1
DA:679,1
DA:680,1
DA:681,1
DA:682,1
DA:685,0
DA:686,0
DA:687,0
DA:689,0
DA:690,0
DA:692,0
DA:693,0
DA:694,0
DA:695,0
DA:697,0
DA:698,0
DA:705,1
DA:706,0
DA:707,0
DA:708,0
DA:709,0
DA:712,0
DA:713,0
DA:714,0
DA:716,0
DA:717,0
DA:719,0
DA:720,0
DA:721,0
DA:722,0
DA:724,0
DA:725,0
DA:733,1
DA:734,0
DA:735,0
DA:736,0
DA:738,0
DA:739,0
DA:740,0
DA:741,0
DA:742,0
DA:743,0
DA:744,0
DA:745,0
DA:749,0
DA:750,0
DA:753,0
DA:807,0
DA:808,0
DA:809,0
DA:810,0
DA:811,0
DA:812,0
DA:813,0
DA:814,0
DA:815,0
DA:816,0
DA:817,0
DA:819,0
DA:822,0
DA:823,0
DA:826,1
DA:827,0
DA:828,0
DA:829,0
DA:830,0
DA:831,0
DA:832,0
DA:833,0
DA:839,1
DA:840,0
DA:841,0
DA:842,0
DA:844,0
DA:845,0
DA:846,0
DA:847,0
DA:848,0
DA:849,0
DA:850,0
DA:851,0
DA:855,0
DA:856,0
DA:859,0
DA:903,1
DA:904,0
DA:905,0
DA:906,0
DA:907,0
DA:908,0
DA:909,0
DA:910,0
DA:916,1
DA:917,0
DA:918,0
DA:920,0
DA:923,1
DA:924,0
DA:925,0
DA:929,1
DA:935,1
LF:286
LH:134
BRDA:17,0,0,1
BRDA:17,0,1,1
BRDA:43,1,0,18
BRDA:43,1,1,2
BRDA:44,2,0,18
BRDA:44,2,1,2
BRDA:99,3,0,1
BRDA:99,3,1,1
BRDA:138,4,0,0
BRDA:138,4,1,3
BRDA:149,5,0,0
BRDA:149,5,1,0
BRDA:149,6,0,0
BRDA:149,6,1,0
BRDA:150,7,0,0
BRDA:150,7,1,0
BRDA:163,8,0,4
BRDA:163,8,1,0
BRDA:167,9,0,4
BRDA:167,9,1,0
BRDA:179,10,0,0
BRDA:179,10,1,4
BRDA:180,11,0,0
BRDA:180,11,1,4
BRDA:191,12,0,0
BRDA:191,12,1,1
BRDA:194,13,0,0
BRDA:194,13,1,0
BRDA:201,14,0,0
BRDA:201,14,1,1
BRDA:215,15,0,0
BRDA:215,15,1,2
BRDA:215,16,0,2
BRDA:215,16,1,2
BRDA:237,17,0,1
BRDA:237,17,1,0
BRDA:237,18,0,1
BRDA:237,18,1,1
BRDA:255,19,0,0
BRDA:255,19,1,1
BRDA:255,20,0,1
BRDA:255,20,1,1
BRDA:263,21,0,0
BRDA:263,21,1,1
BRDA:263,22,0,1
BRDA:263,22,1,1
BRDA:271,23,0,1
BRDA:271,23,1,5
BRDA:271,24,0,6
BRDA:271,24,1,5
BRDA:271,24,2,5
BRDA:271,24,3,5
BRDA:274,25,0,2
BRDA:274,25,1,3
BRDA:277,26,0,1
BRDA:277,26,1,2
BRDA:281,27,0,2
BRDA:281,27,1,0
BRDA:298,28,0,0
BRDA:298,28,1,1
BRDA:298,29,0,1
BRDA:298,29,1,1
BRDA:302,30,0,1
BRDA:302,30,1,0
BRDA:306,31,0,1
BRDA:306,31,1,0
BRDA:308,32,0,0
BRDA:308,32,1,0
BRDA:312,33,0,0
BRDA:312,33,1,0
BRDA:333,34,0,2
BRDA:333,34,1,1
BRDA:335,35,0,1
BRDA:335,35,1,1
BRDA:342,36,0,0
BRDA:342,36,1,1
BRDA:355,37,0,1
BRDA:355,37,1,1
BRDA:359,38,0,1
BRDA:359,38,1,0
BRDA:370,39,0,1
BRDA:370,39,1,0
BRDA:371,40,0,0
BRDA:371,40,1,0
BRDA:499,41,0,0
BRDA:499,41,1,0
BRDA:500,42,0,0
BRDA:500,42,1,0
BRDA:637,43,0,0
BRDA:637,43,1,0
BRDA:638,44,0,0
BRDA:638,44,1,0
BRDA:645,45,0,0
BRDA:645,45,1,0
BRDA:646,46,0,0
BRDA:646,46,1,0
BRDA:647,47,0,0
BRDA:647,47,1,0
BRDA:656,48,0,0
BRDA:656,48,1,0
BRDA:670,49,0,0
BRDA:670,49,1,0
BRDA:681,50,0,1
BRDA:681,50,1,0
BRDA:686,51,0,0
BRDA:686,51,1,0
BRDA:689,52,0,0
BRDA:689,52,1,0
BRDA:708,53,0,0
BRDA:708,53,1,0
BRDA:713,54,0,0
BRDA:713,54,1,0
BRDA:716,55,0,0
BRDA:716,55,1,0
BRDA:736,56,0,0
BRDA:736,56,1,0
BRDA:739,57,0,0
BRDA:739,57,1,0
BRDA:741,58,0,0
BRDA:741,58,1,0
BRDA:743,59,0,0
BRDA:743,59,1,0
BRDA:749,60,0,0
BRDA:749,60,1,0
BRDA:779,61,0,0
BRDA:779,61,1,0
BRDA:780,62,0,0
BRDA:780,62,1,0
BRDA:781,63,0,0
BRDA:781,63,1,0
BRDA:807,64,0,0
BRDA:807,64,1,0
BRDA:808,65,0,0
BRDA:808,65,1,0
BRDA:810,66,0,0
BRDA:810,66,1,0
BRDA:814,67,0,0
BRDA:814,67,1,0
BRDA:815,68,0,0
BRDA:815,68,1,0
BRDA:816,69,0,0
BRDA:816,69,1,0
BRDA:829,70,0,0
BRDA:829,70,1,0
BRDA:831,71,0,0
BRDA:831,71,1,0
BRDA:842,72,0,0
BRDA:842,72,1,0
BRDA:845,73,0,0
BRDA:845,73,1,0
BRDA:847,74,0,0
BRDA:847,74,1,0
BRDA:849,75,0,0
BRDA:849,75,1,0
BRDA:855,76,0,0
BRDA:855,76,1,0
BRDA:885,77,0,0
BRDA:885,77,1,0
BRDA:886,78,0,0
BRDA:886,78,1,0
BRDA:887,79,0,0
BRDA:887,79,1,0
BRDA:906,80,0,0
BRDA:906,80,1,0
BRDA:908,81,0,0
BRDA:908,81,1,0
BRDA:917,82,0,0
BRDA:917,82,1,0
BRDA:917,83,0,0
BRDA:917,83,1,0
BRDA:923,84,0,0
BRDA:923,84,1,1
BRF:172
BRH:54
end_of_record
